2017-11-09 16:21:34.436 [restartedMain] ERROR org.springframework.boot.SpringApplication - Application startup failed
java.lang.UnsupportedOperationException: null
	at java.util.AbstractCollection.add(AbstractCollection.java:262)
	at java.util.AbstractCollection.addAll(AbstractCollection.java:344)
	at org.springframework.boot.web.servlet.ServletComponentScanRegistrar.updatePostProcessor(ServletComponentScanRegistrar.java:62)
	at org.springframework.boot.web.servlet.ServletComponentScanRegistrar.registerBeanDefinitions(ServletComponentScanRegistrar.java:48)
	at org.springframework.context.annotation.ConfigurationClassBeanDefinitionReader.loadBeanDefinitionsFromRegistrars(ConfigurationClassBeanDefinitionReader.java:352)
	at org.springframework.context.annotation.ConfigurationClassBeanDefinitionReader.loadBeanDefinitionsForConfigurationClass(ConfigurationClassBeanDefinitionReader.java:143)
	at org.springframework.context.annotation.ConfigurationClassBeanDefinitionReader.loadBeanDefinitions(ConfigurationClassBeanDefinitionReader.java:116)
	at org.springframework.context.annotation.ConfigurationClassPostProcessor.processConfigBeanDefinitions(ConfigurationClassPostProcessor.java:320)
	at org.springframework.context.annotation.ConfigurationClassPostProcessor.postProcessBeanDefinitionRegistry(ConfigurationClassPostProcessor.java:228)
	at org.springframework.context.support.PostProcessorRegistrationDelegate.invokeBeanDefinitionRegistryPostProcessors(PostProcessorRegistrationDelegate.java:270)
	at org.springframework.context.support.PostProcessorRegistrationDelegate.invokeBeanFactoryPostProcessors(PostProcessorRegistrationDelegate.java:93)
	at org.springframework.context.support.AbstractApplicationContext.invokeBeanFactoryPostProcessors(AbstractApplicationContext.java:686)
	at org.springframework.context.support.AbstractApplicationContext.refresh(AbstractApplicationContext.java:524)
	at org.springframework.boot.context.embedded.EmbeddedWebApplicationContext.refresh(EmbeddedWebApplicationContext.java:122)
	at org.springframework.boot.SpringApplication.refresh(SpringApplication.java:761)
	at org.springframework.boot.SpringApplication.refreshContext(SpringApplication.java:371)
	at org.springframework.boot.SpringApplication.run(SpringApplication.java:315)
	at org.springframework.boot.SpringApplication.run(SpringApplication.java:1186)
	at org.springframework.boot.SpringApplication.run(SpringApplication.java:1175)
	at com.rzt.MicroserviceRztUserCenterApplication.main(MicroserviceRztUserCenterApplication.java:25)
	at sun.reflect.NativeMethodAccessorImpl.invoke0(Native Method)
	at sun.reflect.NativeMethodAccessorImpl.invoke(NativeMethodAccessorImpl.java:62)
	at sun.reflect.DelegatingMethodAccessorImpl.invoke(DelegatingMethodAccessorImpl.java:43)
	at java.lang.reflect.Method.invoke(Method.java:498)
	at org.springframework.boot.devtools.restart.RestartLauncher.run(RestartLauncher.java:49)
2017-11-09 16:21:34.489 [restartedMain] ERROR o.s.b.factory.support.DefaultListableBeanFactory - Destroy method on bean with name 'org.springframework.boot.autoconfigure.internalCachingMetadataReaderFactory' threw an exception
java.lang.IllegalStateException: ApplicationEventMulticaster not initialized - call 'refresh' before multicasting events via the context: org.springframework.boot.context.embedded.AnnotationConfigEmbeddedWebApplicationContext@2284f8c: startup date [Thu Nov 09 16:21:28 GMT+08:00 2017]; root of context hierarchy
	at org.springframework.context.support.AbstractApplicationContext.getApplicationEventMulticaster(AbstractApplicationContext.java:404)
	at org.springframework.context.support.ApplicationListenerDetector.postProcessBeforeDestruction(ApplicationListenerDetector.java:97)
	at org.springframework.beans.factory.support.DisposableBeanAdapter.destroy(DisposableBeanAdapter.java:253)
	at org.springframework.beans.factory.support.DefaultSingletonBeanRegistry.destroyBean(DefaultSingletonBeanRegistry.java:578)
	at org.springframework.beans.factory.support.DefaultSingletonBeanRegistry.destroySingleton(DefaultSingletonBeanRegistry.java:554)
	at org.springframework.beans.factory.support.DefaultListableBeanFactory.destroySingleton(DefaultListableBeanFactory.java:959)
	at org.springframework.beans.factory.support.DefaultSingletonBeanRegistry.destroySingletons(DefaultSingletonBeanRegistry.java:523)
	at org.springframework.beans.factory.support.DefaultListableBeanFactory.destroySingletons(DefaultListableBeanFactory.java:966)
	at org.springframework.context.support.AbstractApplicationContext.destroyBeans(AbstractApplicationContext.java:1033)
	at org.springframework.context.support.AbstractApplicationContext.doClose(AbstractApplicationContext.java:1009)
	at org.springframework.context.support.AbstractApplicationContext.close(AbstractApplicationContext.java:961)
	at org.springframework.boot.SpringApplication.handleRunFailure(SpringApplication.java:818)
	at org.springframework.boot.SpringApplication.run(SpringApplication.java:326)
	at org.springframework.boot.SpringApplication.run(SpringApplication.java:1186)
	at org.springframework.boot.SpringApplication.run(SpringApplication.java:1175)
	at com.rzt.MicroserviceRztUserCenterApplication.main(MicroserviceRztUserCenterApplication.java:25)
	at sun.reflect.NativeMethodAccessorImpl.invoke0(Native Method)
	at sun.reflect.NativeMethodAccessorImpl.invoke(NativeMethodAccessorImpl.java:62)
	at sun.reflect.DelegatingMethodAccessorImpl.invoke(DelegatingMethodAccessorImpl.java:43)
	at java.lang.reflect.Method.invoke(Method.java:498)
	at org.springframework.boot.devtools.restart.RestartLauncher.run(RestartLauncher.java:49)
2017-11-09 16:22:56.579 [http-nio-8096-exec-4] TRACE org.hibernate.type.descriptor.sql.BasicBinder - binding parameter [1] as [VARCHAR] - [62783cb6bd4911e79a2668f728344c35]
2017-11-09 16:23:02.057 [http-nio-8096-exec-2] TRACE org.hibernate.type.descriptor.sql.BasicBinder - binding parameter [1] as [VARCHAR] - [62783cb6bd4911e79a2668f728344c35]
2017-11-09 16:23:05.360 [http-nio-8096-exec-7] TRACE org.hibernate.type.descriptor.sql.BasicBinder - binding parameter [1] as [VARCHAR] - [62783cb6bd4911e79a2668f728344c35]
2017-11-09 16:24:08.604 [http-nio-8096-exec-7] TRACE org.hibernate.type.descriptor.sql.BasicBinder - binding parameter [1] as [INTEGER] - [0]
2017-11-09 16:24:08.604 [http-nio-8096-exec-7] TRACE org.hibernate.type.descriptor.sql.BasicBinder - binding parameter [2] as [VARCHAR] - [hello]
2017-11-09 16:24:08.605 [http-nio-8096-exec-7] TRACE org.hibernate.type.descriptor.sql.BasicBinder - binding parameter [3] as [VARCHAR] - [1234567]
2017-11-09 16:24:08.700 [http-nio-8096-exec-7] TRACE org.hibernate.type.descriptor.sql.BasicBinder - binding parameter [1] as [VARCHAR] - [402881075f6c4d1e015f6c4d7f710000]
2017-11-09 16:24:09.015 [http-nio-8096-exec-7] TRACE org.hibernate.type.descriptor.sql.BasicBinder - binding parameter [1] as [VARCHAR] - [192.168.1.107]
2017-11-09 16:24:09.015 [http-nio-8096-exec-7] TRACE org.hibernate.type.descriptor.sql.BasicBinder - binding parameter [2] as [VARCHAR] - [402881075f6c4d1e015f6c4d7f710000]
2017-11-09 16:24:09.016 [http-nio-8096-exec-7] TRACE org.hibernate.type.descriptor.sql.BasicBinder - binding parameter [3] as [INTEGER] - [0]
2017-11-09 16:31:12.920 [http-nio-8096-exec-5] TRACE org.hibernate.type.descriptor.sql.BasicBinder - binding parameter [1] as [INTEGER] - [0]
2017-11-09 16:31:12.921 [http-nio-8096-exec-5] TRACE org.hibernate.type.descriptor.sql.BasicBinder - binding parameter [2] as [VARCHAR] - [hello]
2017-11-09 16:31:12.922 [http-nio-8096-exec-5] TRACE org.hibernate.type.descriptor.sql.BasicBinder - binding parameter [3] as [VARCHAR] - [1234567]
2017-11-09 16:31:12.927 [http-nio-8096-exec-5] TRACE org.hibernate.type.descriptor.sql.BasicBinder - binding parameter [1] as [VARCHAR] - [402881075f6c4d1e015f6c4d7f710000]
2017-11-09 16:31:13.026 [http-nio-8096-exec-5] TRACE org.hibernate.type.descriptor.sql.BasicBinder - binding parameter [1] as [VARCHAR] - [192.168.1.107]
2017-11-09 16:31:13.027 [http-nio-8096-exec-5] TRACE org.hibernate.type.descriptor.sql.BasicBinder - binding parameter [2] as [VARCHAR] - [402881075f6c4d1e015f6c4d7f710000]
2017-11-09 16:31:13.027 [http-nio-8096-exec-5] TRACE org.hibernate.type.descriptor.sql.BasicBinder - binding parameter [3] as [INTEGER] - [0]
2017-11-09 16:33:33.676 [http-nio-8096-exec-9] TRACE org.hibernate.type.descriptor.sql.BasicBinder - binding parameter [1] as [VARCHAR] - [62783cb6bd4911e79a2668f728344c35]
2017-11-09 16:38:18.890 [http-nio-8096-exec-9] TRACE org.hibernate.type.descriptor.sql.BasicBinder - binding parameter [1] as [INTEGER] - [0]
2017-11-09 16:38:18.891 [http-nio-8096-exec-9] TRACE org.hibernate.type.descriptor.sql.BasicBinder - binding parameter [2] as [VARCHAR] - [hello]
2017-11-09 16:38:18.892 [http-nio-8096-exec-9] TRACE org.hibernate.type.descriptor.sql.BasicBinder - binding parameter [3] as [VARCHAR] - [1234567]
2017-11-09 16:38:18.898 [http-nio-8096-exec-9] TRACE org.hibernate.type.descriptor.sql.BasicBinder - binding parameter [1] as [VARCHAR] - [402881075f6c4d1e015f6c4d7f710000]
2017-11-09 16:38:19.001 [http-nio-8096-exec-9] TRACE org.hibernate.type.descriptor.sql.BasicBinder - binding parameter [1] as [VARCHAR] - [192.168.1.107]
2017-11-09 16:38:19.001 [http-nio-8096-exec-9] TRACE org.hibernate.type.descriptor.sql.BasicBinder - binding parameter [2] as [VARCHAR] - [402881075f6c4d1e015f6c4d7f710000]
2017-11-09 16:38:19.002 [http-nio-8096-exec-9] TRACE org.hibernate.type.descriptor.sql.BasicBinder - binding parameter [3] as [INTEGER] - [0]
2017-11-09 16:40:03.994 [http-nio-8096-exec-1] TRACE org.hibernate.type.descriptor.sql.BasicBinder - binding parameter [1] as [INTEGER] - [0]
2017-11-09 16:40:03.997 [http-nio-8096-exec-1] TRACE org.hibernate.type.descriptor.sql.BasicBinder - binding parameter [2] as [VARCHAR] - [hello]
2017-11-09 16:40:03.997 [http-nio-8096-exec-1] TRACE org.hibernate.type.descriptor.sql.BasicBinder - binding parameter [3] as [VARCHAR] - [1234567]
2017-11-09 16:40:04.007 [http-nio-8096-exec-1] TRACE org.hibernate.type.descriptor.sql.BasicBinder - binding parameter [1] as [VARCHAR] - [402881075f6c4d1e015f6c4d7f710000]
2017-11-09 16:40:04.883 [http-nio-8096-exec-1] TRACE org.hibernate.type.descriptor.sql.BasicBinder - binding parameter [1] as [VARCHAR] - [192.168.1.107]
2017-11-09 16:40:04.883 [http-nio-8096-exec-1] TRACE org.hibernate.type.descriptor.sql.BasicBinder - binding parameter [2] as [VARCHAR] - [402881075f6c4d1e015f6c4d7f710000]
2017-11-09 16:40:04.884 [http-nio-8096-exec-1] TRACE org.hibernate.type.descriptor.sql.BasicBinder - binding parameter [3] as [INTEGER] - [0]
2017-11-09 16:45:23.254 [http-nio-8096-exec-1] TRACE org.hibernate.type.descriptor.sql.BasicBinder - binding parameter [1] as [INTEGER] - [0]
2017-11-09 16:45:23.255 [http-nio-8096-exec-1] TRACE org.hibernate.type.descriptor.sql.BasicBinder - binding parameter [2] as [VARCHAR] - [hello]
2017-11-09 16:45:23.255 [http-nio-8096-exec-1] TRACE org.hibernate.type.descriptor.sql.BasicBinder - binding parameter [3] as [VARCHAR] - [1234567]
2017-11-09 16:45:23.322 [http-nio-8096-exec-1] TRACE org.hibernate.type.descriptor.sql.BasicBinder - binding parameter [1] as [VARCHAR] - [402881075f6c4d1e015f6c4d7f710000]
2017-11-09 16:45:23.390 [http-nio-8096-exec-1] TRACE org.hibernate.type.descriptor.sql.BasicBinder - binding parameter [1] as [VARCHAR] - [192.168.1.107]
2017-11-09 16:45:23.391 [http-nio-8096-exec-1] TRACE org.hibernate.type.descriptor.sql.BasicBinder - binding parameter [2] as [VARCHAR] - [402881075f6c4d1e015f6c4d7f710000]
2017-11-09 16:45:23.392 [http-nio-8096-exec-1] TRACE org.hibernate.type.descriptor.sql.BasicBinder - binding parameter [3] as [INTEGER] - [0]
2017-11-09 16:46:08.053 [http-nio-8096-exec-3] TRACE org.hibernate.type.descriptor.sql.BasicBinder - binding parameter [1] as [VARCHAR] - [62783cb6bd4911e79a2668f728344c35]
2017-11-09 16:55:34.815 [http-nio-8096-exec-3] TRACE org.hibernate.type.descriptor.sql.BasicBinder - binding parameter [1] as [VARCHAR] - [62783cb6bd4911e79a2668f728344c35]
2017-11-09 16:55:59.274 [http-nio-8096-exec-7] TRACE org.hibernate.type.descriptor.sql.BasicBinder - binding parameter [1] as [VARCHAR] - [62783cb6bd4911e79a2668f728344c35]
2017-11-09 17:30:48.378 [http-nio-8096-exec-7] TRACE org.hibernate.type.descriptor.sql.BasicBinder - binding parameter [1] as [VARCHAR] - [1243534@163.com]
2017-11-09 17:30:48.392 [http-nio-8096-exec-7] TRACE org.hibernate.type.descriptor.sql.BasicBinder - binding parameter [1] as [VARCHAR] - [asdasd]
2017-11-09 17:30:48.393 [http-nio-8096-exec-7] TRACE org.hibernate.type.descriptor.sql.BasicBinder - binding parameter [1] as [VARCHAR] - [12234554456]
2017-11-09 17:30:49.137 [http-nio-8096-exec-7] TRACE org.hibernate.type.descriptor.sql.BasicBinder - binding parameter [1] as [VARCHAR] - [null]
2017-11-09 17:30:49.184 [http-nio-8096-exec-7] TRACE org.hibernate.type.descriptor.sql.BasicBinder - binding parameter [2] as [TIMESTAMP] - [Thu Nov 09 17:30:48 GMT+08:00 2017]
2017-11-09 17:30:49.185 [http-nio-8096-exec-7] TRACE org.hibernate.type.descriptor.sql.BasicBinder - binding parameter [3] as [VARCHAR] - [null]
2017-11-09 17:30:49.186 [http-nio-8096-exec-7] TRACE org.hibernate.type.descriptor.sql.BasicBinder - binding parameter [4] as [VARCHAR] - [1243534@163.com]
2017-11-09 17:30:49.187 [http-nio-8096-exec-7] TRACE org.hibernate.type.descriptor.sql.BasicBinder - binding parameter [5] as [INTEGER] - [0]
2017-11-09 17:30:49.187 [http-nio-8096-exec-7] TRACE org.hibernate.type.descriptor.sql.BasicBinder - binding parameter [6] as [VARCHAR] - [12234554456]
2017-11-09 17:30:49.187 [http-nio-8096-exec-7] TRACE org.hibernate.type.descriptor.sql.BasicBinder - binding parameter [7] as [VARCHAR] - [dasdas]
2017-11-09 17:30:49.206 [http-nio-8096-exec-7] TRACE org.hibernate.type.descriptor.sql.BasicBinder - binding parameter [8] as [INTEGER] - [1]
2017-11-09 17:30:49.206 [http-nio-8096-exec-7] TRACE org.hibernate.type.descriptor.sql.BasicBinder - binding parameter [9] as [INTEGER] - [0]
2017-11-09 17:30:49.206 [http-nio-8096-exec-7] TRACE org.hibernate.type.descriptor.sql.BasicBinder - binding parameter [10] as [VARCHAR] - [asdasd]
2017-11-09 17:30:49.207 [http-nio-8096-exec-7] TRACE org.hibernate.type.descriptor.sql.BasicBinder - binding parameter [11] as [VARCHAR] - [402881075f9fdfc5015fa01e1c220000]
2017-11-09 17:30:49.477 [http-nio-8096-exec-7] TRACE org.hibernate.type.descriptor.sql.BasicBinder - binding parameter [1] as [TIMESTAMP] - [Thu Nov 09 17:30:49 GMT+08:00 2017]
2017-11-09 17:30:49.478 [http-nio-8096-exec-7] TRACE org.hibernate.type.descriptor.sql.BasicBinder - binding parameter [2] as [INTEGER] - [0]
2017-11-09 17:30:49.478 [http-nio-8096-exec-7] TRACE org.hibernate.type.descriptor.sql.BasicBinder - binding parameter [3] as [VARCHAR] - [asdasd]
2017-11-09 17:30:49.478 [http-nio-8096-exec-7] TRACE org.hibernate.type.descriptor.sql.BasicBinder - binding parameter [4] as [VARCHAR] - [null]
2017-11-09 17:30:49.478 [http-nio-8096-exec-7] TRACE org.hibernate.type.descriptor.sql.BasicBinder - binding parameter [5] as [TIMESTAMP] - [null]
2017-11-09 17:30:49.478 [http-nio-8096-exec-7] TRACE org.hibernate.type.descriptor.sql.BasicBinder - binding parameter [6] as [VARCHAR] - [1122345]
2017-11-09 17:30:49.479 [http-nio-8096-exec-7] TRACE org.hibernate.type.descriptor.sql.BasicBinder - binding parameter [7] as [VARCHAR] - [402881075f9fdfc5015fa01e1c220000]
2017-11-09 17:30:49.479 [http-nio-8096-exec-7] TRACE org.hibernate.type.descriptor.sql.BasicBinder - binding parameter [8] as [VARCHAR] - [402881075f9fdfc5015fa01e1f040001]
2017-11-09 17:30:49.484 [http-nio-8096-exec-7] TRACE org.hibernate.type.descriptor.sql.BasicBinder - binding parameter [1] as [TIMESTAMP] - [Thu Nov 09 17:30:49 GMT+08:00 2017]
2017-11-09 17:30:49.485 [http-nio-8096-exec-7] TRACE org.hibernate.type.descriptor.sql.BasicBinder - binding parameter [2] as [INTEGER] - [1]
2017-11-09 17:30:49.486 [http-nio-8096-exec-7] TRACE org.hibernate.type.descriptor.sql.BasicBinder - binding parameter [3] as [VARCHAR] - [12234554456]
2017-11-09 17:30:49.486 [http-nio-8096-exec-7] TRACE org.hibernate.type.descriptor.sql.BasicBinder - binding parameter [4] as [VARCHAR] - [null]
2017-11-09 17:30:49.486 [http-nio-8096-exec-7] TRACE org.hibernate.type.descriptor.sql.BasicBinder - binding parameter [5] as [TIMESTAMP] - [null]
2017-11-09 17:30:49.486 [http-nio-8096-exec-7] TRACE org.hibernate.type.descriptor.sql.BasicBinder - binding parameter [6] as [VARCHAR] - [1122345]
2017-11-09 17:30:49.487 [http-nio-8096-exec-7] TRACE org.hibernate.type.descriptor.sql.BasicBinder - binding parameter [7] as [VARCHAR] - [402881075f9fdfc5015fa01e1c220000]
2017-11-09 17:30:49.487 [http-nio-8096-exec-7] TRACE org.hibernate.type.descriptor.sql.BasicBinder - binding parameter [8] as [VARCHAR] - [402881075f9fdfc5015fa01e1f040002]
2017-11-09 17:30:49.527 [http-nio-8096-exec-7] TRACE org.hibernate.type.descriptor.sql.BasicBinder - binding parameter [1] as [TIMESTAMP] - [Thu Nov 09 17:30:49 GMT+08:00 2017]
2017-11-09 17:30:49.527 [http-nio-8096-exec-7] TRACE org.hibernate.type.descriptor.sql.BasicBinder - binding parameter [2] as [INTEGER] - [2]
2017-11-09 17:30:49.527 [http-nio-8096-exec-7] TRACE org.hibernate.type.descriptor.sql.BasicBinder - binding parameter [3] as [VARCHAR] - [1243534@163.com]
2017-11-09 17:30:49.528 [http-nio-8096-exec-7] TRACE org.hibernate.type.descriptor.sql.BasicBinder - binding parameter [4] as [VARCHAR] - [null]
2017-11-09 17:30:49.528 [http-nio-8096-exec-7] TRACE org.hibernate.type.descriptor.sql.BasicBinder - binding parameter [5] as [TIMESTAMP] - [null]
2017-11-09 17:30:49.528 [http-nio-8096-exec-7] TRACE org.hibernate.type.descriptor.sql.BasicBinder - binding parameter [6] as [VARCHAR] - [1122345]
2017-11-09 17:30:49.528 [http-nio-8096-exec-7] TRACE org.hibernate.type.descriptor.sql.BasicBinder - binding parameter [7] as [VARCHAR] - [402881075f9fdfc5015fa01e1c220000]
2017-11-09 17:30:49.528 [http-nio-8096-exec-7] TRACE org.hibernate.type.descriptor.sql.BasicBinder - binding parameter [8] as [VARCHAR] - [402881075f9fdfc5015fa01e1f040003]
2017-11-09 18:21:48.497 [http-nio-8096-exec-7] TRACE org.hibernate.type.descriptor.sql.BasicBinder - binding parameter [2] as [VARCHAR] - [402881075f9fdfc5015fa01e1c220000]
2017-11-09 18:21:48.563 [http-nio-8096-exec-7] TRACE org.hibernate.type.descriptor.sql.BasicBinder - binding parameter [1] as [VARCHAR] - [2222222]
2017-11-09 18:25:34.784 [http-nio-8096-exec-9] TRACE org.hibernate.type.descriptor.sql.BasicBinder - binding parameter [1] as [VARCHAR] - [402881075f9fdfc5015fa01e1c220000]
2017-11-09 18:25:34.877 [http-nio-8096-exec-9] TRACE org.hibernate.type.descriptor.sql.BasicBinder - binding parameter [1] as [VARCHAR] - [402881075f9fdfc5015fa01e1c220000]
2017-11-09 18:25:35.496 [http-nio-8096-exec-9] TRACE org.hibernate.type.descriptor.sql.BasicBinder - binding parameter [1] as [VARCHAR] - [402881075f9fdfc5015fa01e1c220000]
2017-11-09 18:25:35.525 [http-nio-8096-exec-9] TRACE org.hibernate.type.descriptor.sql.BasicBinder - binding parameter [1] as [VARCHAR] - [402881075f9fdfc5015fa01e1f040001]
2017-11-09 18:25:35.537 [http-nio-8096-exec-9] TRACE org.hibernate.type.descriptor.sql.BasicBinder - binding parameter [1] as [VARCHAR] - [402881075f9fdfc5015fa01e1f040002]
2017-11-09 18:25:35.546 [http-nio-8096-exec-9] TRACE org.hibernate.type.descriptor.sql.BasicBinder - binding parameter [1] as [VARCHAR] - [402881075f9fdfc5015fa01e1f040003]
2017-11-09 18:27:47.191 [http-nio-8096-exec-5] TRACE org.hibernate.type.descriptor.sql.BasicBinder - binding parameter [1] as [VARCHAR] - [23214332@163.com]
2017-11-09 18:27:47.197 [http-nio-8096-exec-5] TRACE org.hibernate.type.descriptor.sql.BasicBinder - binding parameter [1] as [VARCHAR] - [dasdas]
2017-11-09 18:27:47.231 [http-nio-8096-exec-5] TRACE org.hibernate.type.descriptor.sql.BasicBinder - binding parameter [1] as [VARCHAR] - [ddadasd]
2017-11-09 18:27:47.245 [http-nio-8096-exec-5] TRACE org.hibernate.type.descriptor.sql.BasicBinder - binding parameter [1] as [VARCHAR] - [null]
2017-11-09 18:27:47.247 [http-nio-8096-exec-5] TRACE org.hibernate.type.descriptor.sql.BasicBinder - binding parameter [2] as [TIMESTAMP] - [Thu Nov 09 18:27:47 GMT+08:00 2017]
2017-11-09 18:27:47.249 [http-nio-8096-exec-5] TRACE org.hibernate.type.descriptor.sql.BasicBinder - binding parameter [3] as [VARCHAR] - [null]
2017-11-09 18:27:47.249 [http-nio-8096-exec-5] TRACE org.hibernate.type.descriptor.sql.BasicBinder - binding parameter [4] as [VARCHAR] - [23214332@163.com]
2017-11-09 18:27:47.251 [http-nio-8096-exec-5] TRACE org.hibernate.type.descriptor.sql.BasicBinder - binding parameter [5] as [INTEGER] - [0]
2017-11-09 18:27:47.253 [http-nio-8096-exec-5] TRACE org.hibernate.type.descriptor.sql.BasicBinder - binding parameter [6] as [VARCHAR] - [ddadasd]
2017-11-09 18:27:47.253 [http-nio-8096-exec-5] TRACE org.hibernate.type.descriptor.sql.BasicBinder - binding parameter [7] as [VARCHAR] - [dsadasda]
2017-11-09 18:27:47.254 [http-nio-8096-exec-5] TRACE org.hibernate.type.descriptor.sql.BasicBinder - binding parameter [8] as [INTEGER] - [0]
2017-11-09 18:27:47.254 [http-nio-8096-exec-5] TRACE org.hibernate.type.descriptor.sql.BasicBinder - binding parameter [9] as [INTEGER] - [0]
2017-11-09 18:27:47.254 [http-nio-8096-exec-5] TRACE org.hibernate.type.descriptor.sql.BasicBinder - binding parameter [10] as [VARCHAR] - [dasdas]
2017-11-09 18:27:47.255 [http-nio-8096-exec-5] TRACE org.hibernate.type.descriptor.sql.BasicBinder - binding parameter [11] as [VARCHAR] - [402881075fa04b98015fa05245a50000]
2017-11-09 18:27:47.337 [http-nio-8096-exec-5] TRACE org.hibernate.type.descriptor.sql.BasicBinder - binding parameter [1] as [TIMESTAMP] - [Thu Nov 09 18:27:47 GMT+08:00 2017]
2017-11-09 18:27:47.338 [http-nio-8096-exec-5] TRACE org.hibernate.type.descriptor.sql.BasicBinder - binding parameter [2] as [INTEGER] - [0]
2017-11-09 18:27:47.339 [http-nio-8096-exec-5] TRACE org.hibernate.type.descriptor.sql.BasicBinder - binding parameter [3] as [VARCHAR] - [dasdas]
2017-11-09 18:27:47.339 [http-nio-8096-exec-5] TRACE org.hibernate.type.descriptor.sql.BasicBinder - binding parameter [4] as [VARCHAR] - [null]
2017-11-09 18:27:47.339 [http-nio-8096-exec-5] TRACE org.hibernate.type.descriptor.sql.BasicBinder - binding parameter [5] as [TIMESTAMP] - [null]
2017-11-09 18:27:47.339 [http-nio-8096-exec-5] TRACE org.hibernate.type.descriptor.sql.BasicBinder - binding parameter [6] as [VARCHAR] - [dassdas]
2017-11-09 18:27:47.340 [http-nio-8096-exec-5] TRACE org.hibernate.type.descriptor.sql.BasicBinder - binding parameter [7] as [VARCHAR] - [402881075fa04b98015fa05245a50000]
2017-11-09 18:27:47.340 [http-nio-8096-exec-5] TRACE org.hibernate.type.descriptor.sql.BasicBinder - binding parameter [8] as [VARCHAR] - [402881075fa04b98015fa05246070001]
2017-11-09 18:27:47.364 [http-nio-8096-exec-5] TRACE org.hibernate.type.descriptor.sql.BasicBinder - binding parameter [1] as [TIMESTAMP] - [Thu Nov 09 18:27:47 GMT+08:00 2017]
2017-11-09 18:27:47.365 [http-nio-8096-exec-5] TRACE org.hibernate.type.descriptor.sql.BasicBinder - binding parameter [2] as [INTEGER] - [1]
2017-11-09 18:27:47.366 [http-nio-8096-exec-5] TRACE org.hibernate.type.descriptor.sql.BasicBinder - binding parameter [3] as [VARCHAR] - [ddadasd]
2017-11-09 18:27:47.366 [http-nio-8096-exec-5] TRACE org.hibernate.type.descriptor.sql.BasicBinder - binding parameter [4] as [VARCHAR] - [null]
2017-11-09 18:27:47.366 [http-nio-8096-exec-5] TRACE org.hibernate.type.descriptor.sql.BasicBinder - binding parameter [5] as [TIMESTAMP] - [null]
2017-11-09 18:27:47.366 [http-nio-8096-exec-5] TRACE org.hibernate.type.descriptor.sql.BasicBinder - binding parameter [6] as [VARCHAR] - [dassdas]
2017-11-09 18:27:47.367 [http-nio-8096-exec-5] TRACE org.hibernate.type.descriptor.sql.BasicBinder - binding parameter [7] as [VARCHAR] - [402881075fa04b98015fa05245a50000]
2017-11-09 18:27:47.367 [http-nio-8096-exec-5] TRACE org.hibernate.type.descriptor.sql.BasicBinder - binding parameter [8] as [VARCHAR] - [402881075fa04b98015fa05246070002]
2017-11-09 18:27:47.368 [http-nio-8096-exec-5] TRACE org.hibernate.type.descriptor.sql.BasicBinder - binding parameter [1] as [TIMESTAMP] - [Thu Nov 09 18:27:47 GMT+08:00 2017]
2017-11-09 18:27:47.368 [http-nio-8096-exec-5] TRACE org.hibernate.type.descriptor.sql.BasicBinder - binding parameter [2] as [INTEGER] - [2]
2017-11-09 18:27:47.369 [http-nio-8096-exec-5] TRACE org.hibernate.type.descriptor.sql.BasicBinder - binding parameter [3] as [VARCHAR] - [23214332@163.com]
2017-11-09 18:27:47.369 [http-nio-8096-exec-5] TRACE org.hibernate.type.descriptor.sql.BasicBinder - binding parameter [4] as [VARCHAR] - [null]
2017-11-09 18:27:47.369 [http-nio-8096-exec-5] TRACE org.hibernate.type.descriptor.sql.BasicBinder - binding parameter [5] as [TIMESTAMP] - [null]
2017-11-09 18:27:47.370 [http-nio-8096-exec-5] TRACE org.hibernate.type.descriptor.sql.BasicBinder - binding parameter [6] as [VARCHAR] - [dassdas]
2017-11-09 18:27:47.370 [http-nio-8096-exec-5] TRACE org.hibernate.type.descriptor.sql.BasicBinder - binding parameter [7] as [VARCHAR] - [402881075fa04b98015fa05245a50000]
2017-11-09 18:27:47.370 [http-nio-8096-exec-5] TRACE org.hibernate.type.descriptor.sql.BasicBinder - binding parameter [8] as [VARCHAR] - [402881075fa04b98015fa05246080003]
2017-11-09 18:27:49.756 [http-nio-8096-exec-7] TRACE org.hibernate.type.descriptor.sql.BasicBinder - binding parameter [1] as [VARCHAR] - [402881075fa04b98015fa05245a50000]
2017-11-09 18:27:49.758 [http-nio-8096-exec-7] TRACE org.hibernate.type.descriptor.sql.BasicBinder - binding parameter [1] as [VARCHAR] - [402881075fa04b98015fa05245a50000]
2017-11-09 18:27:49.789 [http-nio-8096-exec-7] TRACE org.hibernate.type.descriptor.sql.BasicBinder - binding parameter [1] as [VARCHAR] - [402881075fa04b98015fa05245a50000]
2017-11-09 18:27:49.792 [http-nio-8096-exec-7] TRACE org.hibernate.type.descriptor.sql.BasicBinder - binding parameter [1] as [VARCHAR] - [402881075fa04b98015fa05246070001]
2017-11-09 18:27:49.794 [http-nio-8096-exec-7] TRACE org.hibernate.type.descriptor.sql.BasicBinder - binding parameter [1] as [VARCHAR] - [402881075fa04b98015fa05246070002]
2017-11-09 18:27:49.795 [http-nio-8096-exec-7] TRACE org.hibernate.type.descriptor.sql.BasicBinder - binding parameter [1] as [VARCHAR] - [402881075fa04b98015fa05246080003]
