2017-12-08 10:17:39.763 [http-nio-8098-exec-1] ERROR o.a.c.c.C.[.[.[/userCenter].[dispatcherServlet] - Servlet.service() for servlet [dispatcherServlet] in context with path [/userCenter] threw exception [Request processing failed; nested exception is org.springframework.web.multipart.MultipartException: Current request is not a multipart request] with root cause
org.springframework.web.multipart.MultipartException: Current request is not a multipart request
	at org.springframework.web.method.annotation.RequestParamMethodArgumentResolver.handleMissingValue(RequestParamMethodArgumentResolver.java:190)
	at org.springframework.web.method.annotation.AbstractNamedValueMethodArgumentResolver.resolveArgument(AbstractNamedValueMethodArgumentResolver.java:109)
	at org.springframework.web.method.support.HandlerMethodArgumentResolverComposite.resolveArgument(HandlerMethodArgumentResolverComposite.java:121)
	at org.springframework.web.method.support.InvocableHandlerMethod.getMethodArgumentValues(InvocableHandlerMethod.java:158)
	at org.springframework.web.method.support.InvocableHandlerMethod.invokeForRequest(InvocableHandlerMethod.java:128)
	at org.springframework.web.servlet.mvc.method.annotation.ServletInvocableHandlerMethod.invokeAndHandle(ServletInvocableHandlerMethod.java:97)
	at org.springframework.web.servlet.mvc.method.annotation.RequestMappingHandlerAdapter.invokeHandlerMethod(RequestMappingHandlerAdapter.java:827)
	at org.springframework.web.servlet.mvc.method.annotation.RequestMappingHandlerAdapter.handleInternal(RequestMappingHandlerAdapter.java:738)
	at org.springframework.web.servlet.mvc.method.AbstractHandlerMethodAdapter.handle(AbstractHandlerMethodAdapter.java:85)
	at org.springframework.web.servlet.DispatcherServlet.doDispatch(DispatcherServlet.java:967)
	at org.springframework.web.servlet.DispatcherServlet.doService(DispatcherServlet.java:901)
	at org.springframework.web.servlet.FrameworkServlet.processRequest(FrameworkServlet.java:970)
	at org.springframework.web.servlet.FrameworkServlet.doPost(FrameworkServlet.java:872)
	at javax.servlet.http.HttpServlet.service(HttpServlet.java:661)
	at org.springframework.web.servlet.FrameworkServlet.service(FrameworkServlet.java:846)
	at javax.servlet.http.HttpServlet.service(HttpServlet.java:742)
	at org.apache.catalina.core.ApplicationFilterChain.internalDoFilter(ApplicationFilterChain.java:231)
	at org.apache.catalina.core.ApplicationFilterChain.doFilter(ApplicationFilterChain.java:166)
	at org.apache.tomcat.websocket.server.WsFilter.doFilter(WsFilter.java:52)
	at org.apache.catalina.core.ApplicationFilterChain.internalDoFilter(ApplicationFilterChain.java:193)
	at org.apache.catalina.core.ApplicationFilterChain.doFilter(ApplicationFilterChain.java:166)
	at org.springframework.web.filter.CorsFilter.doFilterInternal(CorsFilter.java:96)
	at org.springframework.web.filter.OncePerRequestFilter.doFilter(OncePerRequestFilter.java:107)
	at org.apache.catalina.core.ApplicationFilterChain.internalDoFilter(ApplicationFilterChain.java:193)
	at org.apache.catalina.core.ApplicationFilterChain.doFilter(ApplicationFilterChain.java:166)
	at com.alibaba.druid.support.http.WebStatFilter.doFilter(WebStatFilter.java:123)
	at org.apache.catalina.core.ApplicationFilterChain.internalDoFilter(ApplicationFilterChain.java:193)
	at org.apache.catalina.core.ApplicationFilterChain.doFilter(ApplicationFilterChain.java:166)
	at org.springframework.web.filter.RequestContextFilter.doFilterInternal(RequestContextFilter.java:99)
	at org.springframework.web.filter.OncePerRequestFilter.doFilter(OncePerRequestFilter.java:107)
	at org.apache.catalina.core.ApplicationFilterChain.internalDoFilter(ApplicationFilterChain.java:193)
	at org.apache.catalina.core.ApplicationFilterChain.doFilter(ApplicationFilterChain.java:166)
	at org.springframework.web.filter.HttpPutFormContentFilter.doFilterInternal(HttpPutFormContentFilter.java:108)
	at org.springframework.web.filter.OncePerRequestFilter.doFilter(OncePerRequestFilter.java:107)
	at org.apache.catalina.core.ApplicationFilterChain.internalDoFilter(ApplicationFilterChain.java:193)
	at org.apache.catalina.core.ApplicationFilterChain.doFilter(ApplicationFilterChain.java:166)
	at org.springframework.web.filter.HiddenHttpMethodFilter.doFilterInternal(HiddenHttpMethodFilter.java:81)
	at org.springframework.web.filter.OncePerRequestFilter.doFilter(OncePerRequestFilter.java:107)
	at org.apache.catalina.core.ApplicationFilterChain.internalDoFilter(ApplicationFilterChain.java:193)
	at org.apache.catalina.core.ApplicationFilterChain.doFilter(ApplicationFilterChain.java:166)
	at org.springframework.web.filter.CharacterEncodingFilter.doFilterInternal(CharacterEncodingFilter.java:197)
	at org.springframework.web.filter.OncePerRequestFilter.doFilter(OncePerRequestFilter.java:107)
	at org.apache.catalina.core.ApplicationFilterChain.internalDoFilter(ApplicationFilterChain.java:193)
	at org.apache.catalina.core.ApplicationFilterChain.doFilter(ApplicationFilterChain.java:166)
	at org.apache.catalina.core.StandardWrapperValve.invoke(StandardWrapperValve.java:199)
	at org.apache.catalina.core.StandardContextValve.invoke(StandardContextValve.java:96)
	at org.apache.catalina.authenticator.AuthenticatorBase.invoke(AuthenticatorBase.java:478)
	at org.apache.catalina.core.StandardHostValve.invoke(StandardHostValve.java:140)
	at org.apache.catalina.valves.ErrorReportValve.invoke(ErrorReportValve.java:81)
	at org.apache.catalina.core.StandardEngineValve.invoke(StandardEngineValve.java:87)
	at org.apache.catalina.connector.CoyoteAdapter.service(CoyoteAdapter.java:342)
	at org.apache.coyote.http11.Http11Processor.service(Http11Processor.java:803)
	at org.apache.coyote.AbstractProcessorLight.process(AbstractProcessorLight.java:66)
	at org.apache.coyote.AbstractProtocol$ConnectionHandler.process(AbstractProtocol.java:868)
	at org.apache.tomcat.util.net.NioEndpoint$SocketProcessor.doRun(NioEndpoint.java:1459)
	at org.apache.tomcat.util.net.SocketProcessorBase.run(SocketProcessorBase.java:49)
	at java.util.concurrent.ThreadPoolExecutor.runWorker(ThreadPoolExecutor.java:1142)
	at java.util.concurrent.ThreadPoolExecutor$Worker.run(ThreadPoolExecutor.java:617)
	at org.apache.tomcat.util.threads.TaskThread$WrappingRunnable.run(TaskThread.java:61)
	at java.lang.Thread.run(Thread.java:745)
2017-12-08 10:30:01.936 [http-nio-8098-exec-1] TRACE org.hibernate.type.descriptor.sql.BasicBinder - binding parameter [1] as [VARCHAR] - [hello@126.com]
2017-12-08 10:30:02.027 [http-nio-8098-exec-1] TRACE org.hibernate.type.descriptor.sql.BasicBinder - binding parameter [1] as [VARCHAR] - [xiaoyu]
2017-12-08 10:30:02.040 [http-nio-8098-exec-1] TRACE org.hibernate.type.descriptor.sql.BasicBinder - binding parameter [1] as [VARCHAR] - [18765467896]
2017-12-08 10:30:02.200 [http-nio-8098-exec-1] TRACE org.hibernate.type.descriptor.sql.BasicBinder - binding parameter [1] as [VARCHAR] - [E://test//异常监视2.png]
2017-12-08 10:30:02.202 [http-nio-8098-exec-1] TRACE org.hibernate.type.descriptor.sql.BasicBinder - binding parameter [2] as [TIMESTAMP] - [Fri Dec 08 10:30:02 GMT+08:00 2017]
2017-12-08 10:30:02.205 [http-nio-8098-exec-1] TRACE org.hibernate.type.descriptor.sql.BasicBinder - binding parameter [3] as [VARCHAR] - [1]
2017-12-08 10:30:02.206 [http-nio-8098-exec-1] TRACE org.hibernate.type.descriptor.sql.BasicBinder - binding parameter [4] as [VARCHAR] - [hello@126.com]
2017-12-08 10:30:02.207 [http-nio-8098-exec-1] TRACE org.hibernate.type.descriptor.sql.BasicBinder - binding parameter [5] as [INTEGER] - [0]
2017-12-08 10:30:02.210 [http-nio-8098-exec-1] TRACE org.hibernate.type.descriptor.sql.BasicBinder - binding parameter [6] as [VARCHAR] - [18765467896]
2017-12-08 10:30:02.211 [http-nio-8098-exec-1] TRACE org.hibernate.type.descriptor.sql.BasicBinder - binding parameter [7] as [VARCHAR] - [xiaoyu]
2017-12-08 10:30:02.212 [http-nio-8098-exec-1] TRACE org.hibernate.type.descriptor.sql.BasicBinder - binding parameter [8] as [INTEGER] - [0]
2017-12-08 10:30:02.212 [http-nio-8098-exec-1] TRACE org.hibernate.type.descriptor.sql.BasicBinder - binding parameter [9] as [INTEGER] - [0]
2017-12-08 10:30:02.213 [http-nio-8098-exec-1] TRACE org.hibernate.type.descriptor.sql.BasicBinder - binding parameter [10] as [VARCHAR] - [xiaoyu]
2017-12-08 10:30:02.213 [http-nio-8098-exec-1] TRACE org.hibernate.type.descriptor.sql.BasicBinder - binding parameter [11] as [VARCHAR] - [402896b06033f4cd016033f54c8a0000]
2017-12-08 10:30:02.357 [http-nio-8098-exec-1] TRACE org.hibernate.type.descriptor.sql.BasicBinder - binding parameter [1] as [TIMESTAMP] - [Fri Dec 08 10:30:02 GMT+08:00 2017]
2017-12-08 10:30:02.359 [http-nio-8098-exec-1] TRACE org.hibernate.type.descriptor.sql.BasicBinder - binding parameter [2] as [INTEGER] - [0]
2017-12-08 10:30:02.360 [http-nio-8098-exec-1] TRACE org.hibernate.type.descriptor.sql.BasicBinder - binding parameter [3] as [VARCHAR] - [xiaoyu]
2017-12-08 10:30:02.360 [http-nio-8098-exec-1] TRACE org.hibernate.type.descriptor.sql.BasicBinder - binding parameter [4] as [VARCHAR] - [null]
2017-12-08 10:30:02.362 [http-nio-8098-exec-1] TRACE org.hibernate.type.descriptor.sql.BasicBinder - binding parameter [5] as [TIMESTAMP] - [null]
2017-12-08 10:30:02.363 [http-nio-8098-exec-1] TRACE org.hibernate.type.descriptor.sql.BasicBinder - binding parameter [6] as [VARCHAR] - [123456]
2017-12-08 10:30:02.363 [http-nio-8098-exec-1] TRACE org.hibernate.type.descriptor.sql.BasicBinder - binding parameter [7] as [VARCHAR] - [402896b06033f4cd016033f54c8a0000]
2017-12-08 10:30:02.363 [http-nio-8098-exec-1] TRACE org.hibernate.type.descriptor.sql.BasicBinder - binding parameter [8] as [VARCHAR] - [402896b06033f4cd016033f54d720001]
2017-12-08 10:30:02.373 [http-nio-8098-exec-1] TRACE org.hibernate.type.descriptor.sql.BasicBinder - binding parameter [1] as [TIMESTAMP] - [Fri Dec 08 10:30:02 GMT+08:00 2017]
2017-12-08 10:30:02.374 [http-nio-8098-exec-1] TRACE org.hibernate.type.descriptor.sql.BasicBinder - binding parameter [2] as [INTEGER] - [1]
2017-12-08 10:30:02.375 [http-nio-8098-exec-1] TRACE org.hibernate.type.descriptor.sql.BasicBinder - binding parameter [3] as [VARCHAR] - [18765467896]
2017-12-08 10:30:02.375 [http-nio-8098-exec-1] TRACE org.hibernate.type.descriptor.sql.BasicBinder - binding parameter [4] as [VARCHAR] - [null]
2017-12-08 10:30:02.375 [http-nio-8098-exec-1] TRACE org.hibernate.type.descriptor.sql.BasicBinder - binding parameter [5] as [TIMESTAMP] - [null]
2017-12-08 10:30:02.376 [http-nio-8098-exec-1] TRACE org.hibernate.type.descriptor.sql.BasicBinder - binding parameter [6] as [VARCHAR] - [123456]
2017-12-08 10:30:02.377 [http-nio-8098-exec-1] TRACE org.hibernate.type.descriptor.sql.BasicBinder - binding parameter [7] as [VARCHAR] - [402896b06033f4cd016033f54c8a0000]
2017-12-08 10:30:02.377 [http-nio-8098-exec-1] TRACE org.hibernate.type.descriptor.sql.BasicBinder - binding parameter [8] as [VARCHAR] - [402896b06033f4cd016033f54d720002]
2017-12-08 10:30:02.399 [http-nio-8098-exec-1] TRACE org.hibernate.type.descriptor.sql.BasicBinder - binding parameter [1] as [TIMESTAMP] - [Fri Dec 08 10:30:02 GMT+08:00 2017]
2017-12-08 10:30:02.399 [http-nio-8098-exec-1] TRACE org.hibernate.type.descriptor.sql.BasicBinder - binding parameter [2] as [INTEGER] - [2]
2017-12-08 10:30:02.400 [http-nio-8098-exec-1] TRACE org.hibernate.type.descriptor.sql.BasicBinder - binding parameter [3] as [VARCHAR] - [hello@126.com]
2017-12-08 10:30:02.401 [http-nio-8098-exec-1] TRACE org.hibernate.type.descriptor.sql.BasicBinder - binding parameter [4] as [VARCHAR] - [null]
2017-12-08 10:30:02.401 [http-nio-8098-exec-1] TRACE org.hibernate.type.descriptor.sql.BasicBinder - binding parameter [5] as [TIMESTAMP] - [null]
2017-12-08 10:30:02.401 [http-nio-8098-exec-1] TRACE org.hibernate.type.descriptor.sql.BasicBinder - binding parameter [6] as [VARCHAR] - [123456]
2017-12-08 10:30:02.402 [http-nio-8098-exec-1] TRACE org.hibernate.type.descriptor.sql.BasicBinder - binding parameter [7] as [VARCHAR] - [402896b06033f4cd016033f54c8a0000]
2017-12-08 10:30:02.402 [http-nio-8098-exec-1] TRACE org.hibernate.type.descriptor.sql.BasicBinder - binding parameter [8] as [VARCHAR] - [402896b06033f4cd016033f54d730003]
2017-12-08 10:32:30.342 [http-nio-8098-exec-3] TRACE org.hibernate.type.descriptor.sql.BasicBinder - binding parameter [1] as [VARCHAR] - [hello@126.com]
2017-12-08 10:32:30.370 [http-nio-8098-exec-3] TRACE org.hibernate.type.descriptor.sql.BasicBinder - binding parameter [1] as [VARCHAR] - [xiaoyu]
2017-12-08 10:32:30.383 [http-nio-8098-exec-3] TRACE org.hibernate.type.descriptor.sql.BasicBinder - binding parameter [1] as [VARCHAR] - [18765467896]
2017-12-08 10:34:48.246 [http-nio-8098-exec-1] TRACE org.hibernate.type.descriptor.sql.BasicBinder - binding parameter [1] as [VARCHAR] - [hello@126.com]
2017-12-08 10:34:48.308 [http-nio-8098-exec-1] TRACE org.hibernate.type.descriptor.sql.BasicBinder - binding parameter [1] as [VARCHAR] - [xiaoyu]
2017-12-08 10:34:48.314 [http-nio-8098-exec-1] TRACE org.hibernate.type.descriptor.sql.BasicBinder - binding parameter [1] as [VARCHAR] - [18765467896]
2017-12-08 10:34:52.168 [http-nio-8098-exec-1] TRACE org.hibernate.type.descriptor.sql.BasicBinder - binding parameter [1] as [VARCHAR] - [E://test//异常监视2.png]
2017-12-08 10:34:52.170 [http-nio-8098-exec-1] TRACE org.hibernate.type.descriptor.sql.BasicBinder - binding parameter [2] as [TIMESTAMP] - [Fri Dec 08 10:34:52 GMT+08:00 2017]
2017-12-08 10:34:52.173 [http-nio-8098-exec-1] TRACE org.hibernate.type.descriptor.sql.BasicBinder - binding parameter [3] as [VARCHAR] - [1]
2017-12-08 10:34:52.174 [http-nio-8098-exec-1] TRACE org.hibernate.type.descriptor.sql.BasicBinder - binding parameter [4] as [VARCHAR] - [hello@126.com]
2017-12-08 10:34:52.175 [http-nio-8098-exec-1] TRACE org.hibernate.type.descriptor.sql.BasicBinder - binding parameter [5] as [INTEGER] - [0]
2017-12-08 10:34:52.178 [http-nio-8098-exec-1] TRACE org.hibernate.type.descriptor.sql.BasicBinder - binding parameter [6] as [VARCHAR] - [18765467896]
2017-12-08 10:34:52.179 [http-nio-8098-exec-1] TRACE org.hibernate.type.descriptor.sql.BasicBinder - binding parameter [7] as [VARCHAR] - [xiaoyu]
2017-12-08 10:34:52.179 [http-nio-8098-exec-1] TRACE org.hibernate.type.descriptor.sql.BasicBinder - binding parameter [8] as [INTEGER] - [0]
2017-12-08 10:34:52.180 [http-nio-8098-exec-1] TRACE org.hibernate.type.descriptor.sql.BasicBinder - binding parameter [9] as [INTEGER] - [0]
2017-12-08 10:34:52.180 [http-nio-8098-exec-1] TRACE org.hibernate.type.descriptor.sql.BasicBinder - binding parameter [10] as [VARCHAR] - [xiaoyu]
2017-12-08 10:34:52.181 [http-nio-8098-exec-1] TRACE org.hibernate.type.descriptor.sql.BasicBinder - binding parameter [11] as [VARCHAR] - [402896b06033f927016033f9b94d0000]
2017-12-08 10:34:52.435 [http-nio-8098-exec-1] TRACE org.hibernate.type.descriptor.sql.BasicBinder - binding parameter [1] as [TIMESTAMP] - [Fri Dec 08 10:34:52 GMT+08:00 2017]
2017-12-08 10:34:52.437 [http-nio-8098-exec-1] TRACE org.hibernate.type.descriptor.sql.BasicBinder - binding parameter [2] as [INTEGER] - [0]
2017-12-08 10:34:52.438 [http-nio-8098-exec-1] TRACE org.hibernate.type.descriptor.sql.BasicBinder - binding parameter [3] as [VARCHAR] - [xiaoyu]
2017-12-08 10:34:52.439 [http-nio-8098-exec-1] TRACE org.hibernate.type.descriptor.sql.BasicBinder - binding parameter [4] as [VARCHAR] - [null]
2017-12-08 10:34:52.441 [http-nio-8098-exec-1] TRACE org.hibernate.type.descriptor.sql.BasicBinder - binding parameter [5] as [TIMESTAMP] - [null]
2017-12-08 10:34:52.442 [http-nio-8098-exec-1] TRACE org.hibernate.type.descriptor.sql.BasicBinder - binding parameter [6] as [VARCHAR] - [123456]
2017-12-08 10:34:52.442 [http-nio-8098-exec-1] TRACE org.hibernate.type.descriptor.sql.BasicBinder - binding parameter [7] as [VARCHAR] - [402896b06033f927016033f9b94d0000]
2017-12-08 10:34:52.443 [http-nio-8098-exec-1] TRACE org.hibernate.type.descriptor.sql.BasicBinder - binding parameter [8] as [VARCHAR] - [402896b06033f927016033f9ba900001]
2017-12-08 10:34:52.448 [http-nio-8098-exec-1] TRACE org.hibernate.type.descriptor.sql.BasicBinder - binding parameter [1] as [TIMESTAMP] - [Fri Dec 08 10:34:52 GMT+08:00 2017]
2017-12-08 10:34:52.448 [http-nio-8098-exec-1] TRACE org.hibernate.type.descriptor.sql.BasicBinder - binding parameter [2] as [INTEGER] - [1]
2017-12-08 10:34:52.449 [http-nio-8098-exec-1] TRACE org.hibernate.type.descriptor.sql.BasicBinder - binding parameter [3] as [VARCHAR] - [18765467896]
2017-12-08 10:34:52.450 [http-nio-8098-exec-1] TRACE org.hibernate.type.descriptor.sql.BasicBinder - binding parameter [4] as [VARCHAR] - [null]
2017-12-08 10:34:52.450 [http-nio-8098-exec-1] TRACE org.hibernate.type.descriptor.sql.BasicBinder - binding parameter [5] as [TIMESTAMP] - [null]
2017-12-08 10:34:52.450 [http-nio-8098-exec-1] TRACE org.hibernate.type.descriptor.sql.BasicBinder - binding parameter [6] as [VARCHAR] - [123456]
2017-12-08 10:34:52.451 [http-nio-8098-exec-1] TRACE org.hibernate.type.descriptor.sql.BasicBinder - binding parameter [7] as [VARCHAR] - [402896b06033f927016033f9b94d0000]
2017-12-08 10:34:52.451 [http-nio-8098-exec-1] TRACE org.hibernate.type.descriptor.sql.BasicBinder - binding parameter [8] as [VARCHAR] - [402896b06033f927016033f9ba910002]
2017-12-08 10:34:52.455 [http-nio-8098-exec-1] TRACE org.hibernate.type.descriptor.sql.BasicBinder - binding parameter [1] as [TIMESTAMP] - [Fri Dec 08 10:34:52 GMT+08:00 2017]
2017-12-08 10:34:52.456 [http-nio-8098-exec-1] TRACE org.hibernate.type.descriptor.sql.BasicBinder - binding parameter [2] as [INTEGER] - [2]
2017-12-08 10:34:52.457 [http-nio-8098-exec-1] TRACE org.hibernate.type.descriptor.sql.BasicBinder - binding parameter [3] as [VARCHAR] - [hello@126.com]
2017-12-08 10:34:52.458 [http-nio-8098-exec-1] TRACE org.hibernate.type.descriptor.sql.BasicBinder - binding parameter [4] as [VARCHAR] - [null]
2017-12-08 10:34:52.458 [http-nio-8098-exec-1] TRACE org.hibernate.type.descriptor.sql.BasicBinder - binding parameter [5] as [TIMESTAMP] - [null]
2017-12-08 10:34:52.458 [http-nio-8098-exec-1] TRACE org.hibernate.type.descriptor.sql.BasicBinder - binding parameter [6] as [VARCHAR] - [123456]
2017-12-08 10:34:52.459 [http-nio-8098-exec-1] TRACE org.hibernate.type.descriptor.sql.BasicBinder - binding parameter [7] as [VARCHAR] - [402896b06033f927016033f9b94d0000]
2017-12-08 10:34:52.459 [http-nio-8098-exec-1] TRACE org.hibernate.type.descriptor.sql.BasicBinder - binding parameter [8] as [VARCHAR] - [402896b06033f927016033f9ba910003]
2017-12-08 10:34:59.846 [http-nio-8098-exec-2] TRACE org.hibernate.type.descriptor.sql.BasicBinder - binding parameter [1] as [VARCHAR] - [hello@126.com]
2017-12-08 10:34:59.861 [http-nio-8098-exec-2] TRACE org.hibernate.type.descriptor.sql.BasicBinder - binding parameter [1] as [VARCHAR] - [xiaoyu]
2017-12-08 10:34:59.868 [http-nio-8098-exec-2] TRACE org.hibernate.type.descriptor.sql.BasicBinder - binding parameter [1] as [VARCHAR] - [18765467896]
2017-12-08 10:35:23.679 [http-nio-8098-exec-3] TRACE org.hibernate.type.descriptor.sql.BasicBinder - binding parameter [1] as [VARCHAR] - [hello@126.com]
2017-12-08 10:35:23.684 [http-nio-8098-exec-3] TRACE org.hibernate.type.descriptor.sql.BasicBinder - binding parameter [1] as [VARCHAR] - [xiaoyu]
2017-12-08 10:35:23.688 [http-nio-8098-exec-3] TRACE org.hibernate.type.descriptor.sql.BasicBinder - binding parameter [1] as [VARCHAR] - [18765467896]
2017-12-08 10:35:48.167 [http-nio-8098-exec-6] TRACE org.hibernate.type.descriptor.sql.BasicBinder - binding parameter [1] as [VARCHAR] - [hello@126.com]
2017-12-08 10:35:48.170 [http-nio-8098-exec-6] TRACE org.hibernate.type.descriptor.sql.BasicBinder - binding parameter [1] as [VARCHAR] - [xiaoyu]
2017-12-08 10:35:48.174 [http-nio-8098-exec-6] TRACE org.hibernate.type.descriptor.sql.BasicBinder - binding parameter [1] as [VARCHAR] - [18765467896]
2017-12-08 10:45:29.887 [http-nio-8098-exec-8] TRACE org.hibernate.type.descriptor.sql.BasicBinder - binding parameter [1] as [VARCHAR] - [hello@126.com]
2017-12-08 10:45:29.892 [http-nio-8098-exec-8] TRACE org.hibernate.type.descriptor.sql.BasicBinder - binding parameter [1] as [VARCHAR] - [xiaoyu]
2017-12-08 10:45:29.895 [http-nio-8098-exec-8] TRACE org.hibernate.type.descriptor.sql.BasicBinder - binding parameter [1] as [VARCHAR] - [18765467896]
2017-12-08 10:48:26.849 [http-nio-8098-exec-10] TRACE org.hibernate.type.descriptor.sql.BasicBinder - binding parameter [1] as [VARCHAR] - [hello@126.com]
2017-12-08 10:48:26.852 [http-nio-8098-exec-10] TRACE org.hibernate.type.descriptor.sql.BasicBinder - binding parameter [1] as [VARCHAR] - [xiaoyu]
2017-12-08 10:48:26.857 [http-nio-8098-exec-10] TRACE org.hibernate.type.descriptor.sql.BasicBinder - binding parameter [1] as [VARCHAR] - [18765467896]
2017-12-08 10:48:42.817 [http-nio-8098-exec-2] TRACE org.hibernate.type.descriptor.sql.BasicBinder - binding parameter [1] as [VARCHAR] - [hello@126.com]
2017-12-08 10:48:42.821 [http-nio-8098-exec-2] TRACE org.hibernate.type.descriptor.sql.BasicBinder - binding parameter [1] as [VARCHAR] - [xiaoyu]
2017-12-08 10:48:42.825 [http-nio-8098-exec-2] TRACE org.hibernate.type.descriptor.sql.BasicBinder - binding parameter [1] as [VARCHAR] - [18765467896]
2017-12-08 10:50:46.778 [http-nio-8098-exec-3] TRACE org.hibernate.type.descriptor.sql.BasicBinder - binding parameter [1] as [VARCHAR] - [hello@126.com]
2017-12-08 10:50:46.805 [http-nio-8098-exec-3] TRACE org.hibernate.type.descriptor.sql.BasicBinder - binding parameter [1] as [VARCHAR] - [xiaoyu]
2017-12-08 10:50:46.809 [http-nio-8098-exec-3] TRACE org.hibernate.type.descriptor.sql.BasicBinder - binding parameter [1] as [VARCHAR] - [18765467896]
2017-12-08 14:44:38.342 [http-nio-8098-exec-1] TRACE org.hibernate.type.descriptor.sql.BasicBinder - binding parameter [1] as [VARCHAR] - [hello@126.com]
2017-12-08 14:44:38.706 [http-nio-8098-exec-1] TRACE org.hibernate.type.descriptor.sql.BasicBinder - binding parameter [1] as [VARCHAR] - [xiaoyu]
2017-12-08 14:44:38.719 [http-nio-8098-exec-1] TRACE org.hibernate.type.descriptor.sql.BasicBinder - binding parameter [1] as [VARCHAR] - [18765467896]
2017-12-08 17:00:03.227 [http-nio-8098-exec-1] TRACE org.hibernate.type.descriptor.sql.BasicBinder - binding parameter [1] as [VARCHAR] - [a0b48f11bd5911e79a2668f728344c35]
2017-12-08 17:00:03.362 [http-nio-8098-exec-1] TRACE org.hibernate.type.descriptor.sql.BasicBinder - binding parameter [1] as [INTEGER] - [1]
2017-12-08 17:00:03.423 [http-nio-8098-exec-1] TRACE org.hibernate.type.descriptor.sql.BasicBinder - binding parameter [1] as [INTEGER] - [1]
2017-12-08 17:00:03.478 [http-nio-8098-exec-1] TRACE org.hibernate.type.descriptor.sql.BasicBinder - binding parameter [1] as [TIMESTAMP] - [Fri Dec 08 17:00:02 GMT+08:00 2017]
2017-12-08 17:00:03.480 [http-nio-8098-exec-1] TRACE org.hibernate.type.descriptor.sql.BasicBinder - binding parameter [2] as [VARCHAR] - [null]
2017-12-08 17:00:03.482 [http-nio-8098-exec-1] TRACE org.hibernate.type.descriptor.sql.BasicBinder - binding parameter [3] as [VARCHAR] - [null]
2017-12-08 17:00:03.486 [http-nio-8098-exec-1] TRACE org.hibernate.type.descriptor.sql.BasicBinder - binding parameter [4] as [VARCHAR] - [公司本部]
2017-12-08 17:00:03.490 [http-nio-8098-exec-1] TRACE org.hibernate.type.descriptor.sql.BasicBinder - binding parameter [5] as [VARCHAR] - [a0b48f11bd5911e79a2668f728344c35]
2017-12-08 17:00:03.491 [http-nio-8098-exec-1] TRACE org.hibernate.type.descriptor.sql.BasicBinder - binding parameter [6] as [INTEGER] - [2]
2017-12-08 17:00:03.491 [http-nio-8098-exec-1] TRACE org.hibernate.type.descriptor.sql.BasicBinder - binding parameter [7] as [INTEGER] - [3]
2017-12-08 17:00:03.492 [http-nio-8098-exec-1] TRACE org.hibernate.type.descriptor.sql.BasicBinder - binding parameter [8] as [VARCHAR] - [402896b0603559fd0160355a60020000]
2017-12-08 17:00:52.615 [http-nio-8098-exec-2] TRACE org.hibernate.type.descriptor.sql.BasicBinder - binding parameter [1] as [VARCHAR] - [a0b48f11bd5911e79a2668f728344c35]
2017-12-08 17:00:52.647 [http-nio-8098-exec-2] TRACE org.hibernate.type.descriptor.sql.BasicBinder - binding parameter [1] as [INTEGER] - [1]
2017-12-08 17:00:52.682 [http-nio-8098-exec-2] TRACE org.hibernate.type.descriptor.sql.BasicBinder - binding parameter [1] as [INTEGER] - [1]
2017-12-08 17:00:52.685 [http-nio-8098-exec-2] TRACE org.hibernate.type.descriptor.sql.BasicBinder - binding parameter [1] as [TIMESTAMP] - [Fri Dec 08 17:00:52 GMT+08:00 2017]
2017-12-08 17:00:52.686 [http-nio-8098-exec-2] TRACE org.hibernate.type.descriptor.sql.BasicBinder - binding parameter [2] as [VARCHAR] - [null]
2017-12-08 17:00:52.687 [http-nio-8098-exec-2] TRACE org.hibernate.type.descriptor.sql.BasicBinder - binding parameter [3] as [VARCHAR] - [null]
2017-12-08 17:00:52.688 [http-nio-8098-exec-2] TRACE org.hibernate.type.descriptor.sql.BasicBinder - binding parameter [4] as [VARCHAR] - [通道运维单位]
2017-12-08 17:00:52.690 [http-nio-8098-exec-2] TRACE org.hibernate.type.descriptor.sql.BasicBinder - binding parameter [5] as [VARCHAR] - [a0b48f11bd5911e79a2668f728344c35]
2017-12-08 17:00:52.690 [http-nio-8098-exec-2] TRACE org.hibernate.type.descriptor.sql.BasicBinder - binding parameter [6] as [INTEGER] - [2]
2017-12-08 17:00:52.690 [http-nio-8098-exec-2] TRACE org.hibernate.type.descriptor.sql.BasicBinder - binding parameter [7] as [INTEGER] - [3]
2017-12-08 17:00:52.691 [http-nio-8098-exec-2] TRACE org.hibernate.type.descriptor.sql.BasicBinder - binding parameter [8] as [VARCHAR] - [402896b0603559fd0160355b204c0001]
2017-12-08 17:02:14.721 [http-nio-8098-exec-9] TRACE org.hibernate.type.descriptor.sql.BasicBinder - binding parameter [1] as [VARCHAR] - [402896b0603559fd0160355a60020000]
2017-12-08 17:02:14.726 [http-nio-8098-exec-9] TRACE org.hibernate.type.descriptor.sql.BasicBinder - binding parameter [1] as [INTEGER] - [4]
2017-12-08 17:02:14.732 [http-nio-8098-exec-9] TRACE org.hibernate.type.descriptor.sql.BasicBinder - binding parameter [1] as [INTEGER] - [4]
2017-12-08 17:02:14.834 [http-nio-8098-exec-9] TRACE org.hibernate.type.descriptor.sql.BasicBinder - binding parameter [1] as [VARCHAR] - [6cc4c019-fa39-44c4-8bc2-5607a11fcc23]
2017-12-08 17:02:14.840 [http-nio-8098-exec-9] TRACE org.hibernate.type.descriptor.sql.BasicBinder - binding parameter [1] as [TIMESTAMP] - [Fri Dec 08 17:02:14 GMT+08:00 2017]
2017-12-08 17:02:14.840 [http-nio-8098-exec-9] TRACE org.hibernate.type.descriptor.sql.BasicBinder - binding parameter [2] as [VARCHAR] - [null]
2017-12-08 17:02:14.841 [http-nio-8098-exec-9] TRACE org.hibernate.type.descriptor.sql.BasicBinder - binding parameter [3] as [VARCHAR] - [null]
2017-12-08 17:02:14.841 [http-nio-8098-exec-9] TRACE org.hibernate.type.descriptor.sql.BasicBinder - binding parameter [4] as [VARCHAR] - [管理组]
2017-12-08 17:02:14.841 [http-nio-8098-exec-9] TRACE org.hibernate.type.descriptor.sql.BasicBinder - binding parameter [5] as [VARCHAR] - [402896b0603559fd0160355a60020000]
2017-12-08 17:02:14.842 [http-nio-8098-exec-9] TRACE org.hibernate.type.descriptor.sql.BasicBinder - binding parameter [6] as [INTEGER] - [5]
2017-12-08 17:02:14.842 [http-nio-8098-exec-9] TRACE org.hibernate.type.descriptor.sql.BasicBinder - binding parameter [7] as [INTEGER] - [6]
2017-12-08 17:02:14.843 [http-nio-8098-exec-9] TRACE org.hibernate.type.descriptor.sql.BasicBinder - binding parameter [8] as [VARCHAR] - [402896b0603559fd0160355c61370002]
2017-12-08 17:02:31.876 [http-nio-8098-exec-8] TRACE org.hibernate.type.descriptor.sql.BasicBinder - binding parameter [1] as [VARCHAR] - [402896b0603559fd0160355a60020000]
2017-12-08 17:02:31.879 [http-nio-8098-exec-8] TRACE org.hibernate.type.descriptor.sql.BasicBinder - binding parameter [1] as [INTEGER] - [4]
2017-12-08 17:02:31.882 [http-nio-8098-exec-8] TRACE org.hibernate.type.descriptor.sql.BasicBinder - binding parameter [1] as [INTEGER] - [4]
2017-12-08 17:02:31.884 [http-nio-8098-exec-8] TRACE org.hibernate.type.descriptor.sql.BasicBinder - binding parameter [1] as [VARCHAR] - [e29b7cfb-475e-4cb7-978b-711c0503692d]
2017-12-08 17:02:31.887 [http-nio-8098-exec-8] TRACE org.hibernate.type.descriptor.sql.BasicBinder - binding parameter [1] as [TIMESTAMP] - [Fri Dec 08 17:02:31 GMT+08:00 2017]
2017-12-08 17:02:31.887 [http-nio-8098-exec-8] TRACE org.hibernate.type.descriptor.sql.BasicBinder - binding parameter [2] as [VARCHAR] - [null]
2017-12-08 17:02:31.888 [http-nio-8098-exec-8] TRACE org.hibernate.type.descriptor.sql.BasicBinder - binding parameter [3] as [VARCHAR] - [null]
2017-12-08 17:02:31.888 [http-nio-8098-exec-8] TRACE org.hibernate.type.descriptor.sql.BasicBinder - binding parameter [4] as [VARCHAR] - [后台稽查组]
2017-12-08 17:02:31.889 [http-nio-8098-exec-8] TRACE org.hibernate.type.descriptor.sql.BasicBinder - binding parameter [5] as [VARCHAR] - [402896b0603559fd0160355a60020000]
2017-12-08 17:02:31.889 [http-nio-8098-exec-8] TRACE org.hibernate.type.descriptor.sql.BasicBinder - binding parameter [6] as [INTEGER] - [5]
2017-12-08 17:02:31.889 [http-nio-8098-exec-8] TRACE org.hibernate.type.descriptor.sql.BasicBinder - binding parameter [7] as [INTEGER] - [6]
2017-12-08 17:02:31.890 [http-nio-8098-exec-8] TRACE org.hibernate.type.descriptor.sql.BasicBinder - binding parameter [8] as [VARCHAR] - [402896b0603559fd0160355ca3ce0003]
2017-12-08 17:02:37.150 [http-nio-8098-exec-1] TRACE org.hibernate.type.descriptor.sql.BasicBinder - binding parameter [1] as [VARCHAR] - [402896b0603559fd0160355a60020000]
2017-12-08 17:02:37.153 [http-nio-8098-exec-1] TRACE org.hibernate.type.descriptor.sql.BasicBinder - binding parameter [1] as [INTEGER] - [4]
2017-12-08 17:02:37.163 [http-nio-8098-exec-1] TRACE org.hibernate.type.descriptor.sql.BasicBinder - binding parameter [1] as [INTEGER] - [4]
2017-12-08 17:02:37.165 [http-nio-8098-exec-1] TRACE org.hibernate.type.descriptor.sql.BasicBinder - binding parameter [1] as [VARCHAR] - [36b46097-fc51-4aea-902b-c47e4cbfbe76]
2017-12-08 17:02:37.167 [http-nio-8098-exec-1] TRACE org.hibernate.type.descriptor.sql.BasicBinder - binding parameter [1] as [TIMESTAMP] - [Fri Dec 08 17:02:37 GMT+08:00 2017]
2017-12-08 17:02:37.167 [http-nio-8098-exec-1] TRACE org.hibernate.type.descriptor.sql.BasicBinder - binding parameter [2] as [VARCHAR] - [null]
2017-12-08 17:02:37.168 [http-nio-8098-exec-1] TRACE org.hibernate.type.descriptor.sql.BasicBinder - binding parameter [3] as [VARCHAR] - [null]
2017-12-08 17:02:37.168 [http-nio-8098-exec-1] TRACE org.hibernate.type.descriptor.sql.BasicBinder - binding parameter [4] as [VARCHAR] - [现场稽查组]
2017-12-08 17:02:37.168 [http-nio-8098-exec-1] TRACE org.hibernate.type.descriptor.sql.BasicBinder - binding parameter [5] as [VARCHAR] - [402896b0603559fd0160355a60020000]
2017-12-08 17:02:37.169 [http-nio-8098-exec-1] TRACE org.hibernate.type.descriptor.sql.BasicBinder - binding parameter [6] as [INTEGER] - [5]
2017-12-08 17:02:37.169 [http-nio-8098-exec-1] TRACE org.hibernate.type.descriptor.sql.BasicBinder - binding parameter [7] as [INTEGER] - [6]
2017-12-08 17:02:37.169 [http-nio-8098-exec-1] TRACE org.hibernate.type.descriptor.sql.BasicBinder - binding parameter [8] as [VARCHAR] - [402896b0603559fd0160355cb86e0004]
2017-12-08 17:03:11.606 [http-nio-8098-exec-2] TRACE org.hibernate.type.descriptor.sql.BasicBinder - binding parameter [1] as [VARCHAR] - [402896b0603559fd0160355b204c0001]
2017-12-08 17:03:11.611 [http-nio-8098-exec-2] TRACE org.hibernate.type.descriptor.sql.BasicBinder - binding parameter [1] as [INTEGER] - [2]
2017-12-08 17:03:11.624 [http-nio-8098-exec-2] TRACE org.hibernate.type.descriptor.sql.BasicBinder - binding parameter [1] as [INTEGER] - [2]
2017-12-08 17:03:11.630 [http-nio-8098-exec-2] TRACE org.hibernate.type.descriptor.sql.BasicBinder - binding parameter [1] as [VARCHAR] - [e587ecb2-634b-4d4c-a512-643beca7a7ad]
2017-12-08 17:03:11.633 [http-nio-8098-exec-2] TRACE org.hibernate.type.descriptor.sql.BasicBinder - binding parameter [1] as [TIMESTAMP] - [Fri Dec 08 17:03:11 GMT+08:00 2017]
2017-12-08 17:03:11.634 [http-nio-8098-exec-2] TRACE org.hibernate.type.descriptor.sql.BasicBinder - binding parameter [2] as [VARCHAR] - [null]
2017-12-08 17:03:11.637 [http-nio-8098-exec-2] TRACE org.hibernate.type.descriptor.sql.BasicBinder - binding parameter [3] as [VARCHAR] - [null]
2017-12-08 17:03:11.637 [http-nio-8098-exec-2] TRACE org.hibernate.type.descriptor.sql.BasicBinder - binding parameter [4] as [VARCHAR] - [管理组]
2017-12-08 17:03:11.638 [http-nio-8098-exec-2] TRACE org.hibernate.type.descriptor.sql.BasicBinder - binding parameter [5] as [VARCHAR] - [402896b0603559fd0160355b204c0001]
2017-12-08 17:03:11.638 [http-nio-8098-exec-2] TRACE org.hibernate.type.descriptor.sql.BasicBinder - binding parameter [6] as [INTEGER] - [3]
2017-12-08 17:03:11.639 [http-nio-8098-exec-2] TRACE org.hibernate.type.descriptor.sql.BasicBinder - binding parameter [7] as [INTEGER] - [4]
2017-12-08 17:03:11.639 [http-nio-8098-exec-2] TRACE org.hibernate.type.descriptor.sql.BasicBinder - binding parameter [8] as [VARCHAR] - [402896b0603559fd0160355d3f100005]
2017-12-08 17:03:56.857 [http-nio-8098-exec-9] TRACE org.hibernate.type.descriptor.sql.BasicBinder - binding parameter [1] as [VARCHAR] - [402896b0603559fd0160355d3f100005]
2017-12-08 17:03:56.872 [http-nio-8098-exec-9] TRACE org.hibernate.type.descriptor.sql.BasicBinder - binding parameter [1] as [INTEGER] - [3]
2017-12-08 17:03:56.873 [http-nio-8098-exec-9] TRACE org.hibernate.type.descriptor.sql.BasicBinder - binding parameter [2] as [INTEGER] - [4]
2017-12-08 17:03:56.912 [http-nio-8098-exec-9] TRACE org.hibernate.type.descriptor.sql.BasicBinder - binding parameter [1] as [INTEGER] - [4]
2017-12-08 17:03:56.957 [http-nio-8098-exec-9] TRACE org.hibernate.type.descriptor.sql.BasicBinder - binding parameter [1] as [INTEGER] - [3]
2017-12-08 17:03:56.981 [http-nio-8098-exec-9] TRACE org.hibernate.type.descriptor.sql.BasicBinder - binding parameter [1] as [VARCHAR] - [402896b0603559fd0160355d3f100005]
2017-12-08 17:04:59.130 [http-nio-8098-exec-8] TRACE org.hibernate.type.descriptor.sql.BasicBinder - binding parameter [1] as [VARCHAR] - [402896b0603559fd0160355b204c0001]
2017-12-08 17:04:59.139 [http-nio-8098-exec-8] TRACE org.hibernate.type.descriptor.sql.BasicBinder - binding parameter [1] as [INTEGER] - [2]
2017-12-08 17:04:59.156 [http-nio-8098-exec-8] TRACE org.hibernate.type.descriptor.sql.BasicBinder - binding parameter [1] as [INTEGER] - [2]
2017-12-08 17:04:59.158 [http-nio-8098-exec-8] TRACE org.hibernate.type.descriptor.sql.BasicBinder - binding parameter [1] as [VARCHAR] - [d0f58901-edb4-4099-8145-1e385dead509]
2017-12-08 17:04:59.161 [http-nio-8098-exec-8] TRACE org.hibernate.type.descriptor.sql.BasicBinder - binding parameter [1] as [TIMESTAMP] - [Fri Dec 08 17:04:59 GMT+08:00 2017]
2017-12-08 17:04:59.162 [http-nio-8098-exec-8] TRACE org.hibernate.type.descriptor.sql.BasicBinder - binding parameter [2] as [VARCHAR] - [null]
2017-12-08 17:04:59.167 [http-nio-8098-exec-8] TRACE org.hibernate.type.descriptor.sql.BasicBinder - binding parameter [3] as [VARCHAR] - [null]
2017-12-08 17:04:59.167 [http-nio-8098-exec-8] TRACE org.hibernate.type.descriptor.sql.BasicBinder - binding parameter [4] as [VARCHAR] - [朝阳公司]
2017-12-08 17:04:59.168 [http-nio-8098-exec-8] TRACE org.hibernate.type.descriptor.sql.BasicBinder - binding parameter [5] as [VARCHAR] - [402896b0603559fd0160355b204c0001]
2017-12-08 17:04:59.168 [http-nio-8098-exec-8] TRACE org.hibernate.type.descriptor.sql.BasicBinder - binding parameter [6] as [INTEGER] - [3]
2017-12-08 17:04:59.168 [http-nio-8098-exec-8] TRACE org.hibernate.type.descriptor.sql.BasicBinder - binding parameter [7] as [INTEGER] - [4]
2017-12-08 17:04:59.169 [http-nio-8098-exec-8] TRACE org.hibernate.type.descriptor.sql.BasicBinder - binding parameter [8] as [VARCHAR] - [402896b0603559fd0160355ee3180006]
2017-12-08 17:05:53.470 [http-nio-8098-exec-1] TRACE org.hibernate.type.descriptor.sql.BasicBinder - binding parameter [1] as [VARCHAR] - [402896b0603559fd0160355b204c0001]
2017-12-08 17:05:53.474 [http-nio-8098-exec-1] TRACE org.hibernate.type.descriptor.sql.BasicBinder - binding parameter [1] as [INTEGER] - [2]
2017-12-08 17:05:53.484 [http-nio-8098-exec-1] TRACE org.hibernate.type.descriptor.sql.BasicBinder - binding parameter [1] as [INTEGER] - [2]
2017-12-08 17:05:53.486 [http-nio-8098-exec-1] TRACE org.hibernate.type.descriptor.sql.BasicBinder - binding parameter [1] as [VARCHAR] - [dad8e848-d781-4588-9fc5-37d29ea0eefe]
2017-12-08 17:05:53.489 [http-nio-8098-exec-1] TRACE org.hibernate.type.descriptor.sql.BasicBinder - binding parameter [1] as [TIMESTAMP] - [Fri Dec 08 17:05:53 GMT+08:00 2017]
2017-12-08 17:05:53.489 [http-nio-8098-exec-1] TRACE org.hibernate.type.descriptor.sql.BasicBinder - binding parameter [2] as [VARCHAR] - [null]
2017-12-08 17:05:53.489 [http-nio-8098-exec-1] TRACE org.hibernate.type.descriptor.sql.BasicBinder - binding parameter [3] as [VARCHAR] - [null]
2017-12-08 17:05:53.489 [http-nio-8098-exec-1] TRACE org.hibernate.type.descriptor.sql.BasicBinder - binding parameter [4] as [VARCHAR] - [顺义公司]
2017-12-08 17:05:53.490 [http-nio-8098-exec-1] TRACE org.hibernate.type.descriptor.sql.BasicBinder - binding parameter [5] as [VARCHAR] - [402896b0603559fd0160355b204c0001]
2017-12-08 17:05:53.490 [http-nio-8098-exec-1] TRACE org.hibernate.type.descriptor.sql.BasicBinder - binding parameter [6] as [INTEGER] - [3]
2017-12-08 17:05:53.490 [http-nio-8098-exec-1] TRACE org.hibernate.type.descriptor.sql.BasicBinder - binding parameter [7] as [INTEGER] - [4]
2017-12-08 17:05:53.490 [http-nio-8098-exec-1] TRACE org.hibernate.type.descriptor.sql.BasicBinder - binding parameter [8] as [VARCHAR] - [402896b0603559fd0160355fb7500007]
2017-12-08 17:06:02.188 [http-nio-8098-exec-2] TRACE org.hibernate.type.descriptor.sql.BasicBinder - binding parameter [1] as [VARCHAR] - [402896b0603559fd0160355b204c0001]
2017-12-08 17:06:02.191 [http-nio-8098-exec-2] TRACE org.hibernate.type.descriptor.sql.BasicBinder - binding parameter [1] as [INTEGER] - [2]
2017-12-08 17:06:02.201 [http-nio-8098-exec-2] TRACE org.hibernate.type.descriptor.sql.BasicBinder - binding parameter [1] as [INTEGER] - [2]
2017-12-08 17:06:02.205 [http-nio-8098-exec-2] TRACE org.hibernate.type.descriptor.sql.BasicBinder - binding parameter [1] as [VARCHAR] - [fc974993-034b-4010-820a-0d129f7b3b3b]
2017-12-08 17:06:02.208 [http-nio-8098-exec-2] TRACE org.hibernate.type.descriptor.sql.BasicBinder - binding parameter [1] as [TIMESTAMP] - [Fri Dec 08 17:06:02 GMT+08:00 2017]
2017-12-08 17:06:02.209 [http-nio-8098-exec-2] TRACE org.hibernate.type.descriptor.sql.BasicBinder - binding parameter [2] as [VARCHAR] - [null]
2017-12-08 17:06:02.209 [http-nio-8098-exec-2] TRACE org.hibernate.type.descriptor.sql.BasicBinder - binding parameter [3] as [VARCHAR] - [null]
2017-12-08 17:06:02.209 [http-nio-8098-exec-2] TRACE org.hibernate.type.descriptor.sql.BasicBinder - binding parameter [4] as [VARCHAR] - [昌平公司]
2017-12-08 17:06:02.210 [http-nio-8098-exec-2] TRACE org.hibernate.type.descriptor.sql.BasicBinder - binding parameter [5] as [VARCHAR] - [402896b0603559fd0160355b204c0001]
2017-12-08 17:06:02.210 [http-nio-8098-exec-2] TRACE org.hibernate.type.descriptor.sql.BasicBinder - binding parameter [6] as [INTEGER] - [3]
2017-12-08 17:06:02.210 [http-nio-8098-exec-2] TRACE org.hibernate.type.descriptor.sql.BasicBinder - binding parameter [7] as [INTEGER] - [4]
2017-12-08 17:06:02.210 [http-nio-8098-exec-2] TRACE org.hibernate.type.descriptor.sql.BasicBinder - binding parameter [8] as [VARCHAR] - [402896b0603559fd0160355fd95f0008]
2017-12-08 17:06:10.062 [http-nio-8098-exec-7] TRACE org.hibernate.type.descriptor.sql.BasicBinder - binding parameter [1] as [VARCHAR] - [402896b0603559fd0160355b204c0001]
2017-12-08 17:06:10.069 [http-nio-8098-exec-7] TRACE org.hibernate.type.descriptor.sql.BasicBinder - binding parameter [1] as [INTEGER] - [2]
2017-12-08 17:06:10.075 [http-nio-8098-exec-7] TRACE org.hibernate.type.descriptor.sql.BasicBinder - binding parameter [1] as [INTEGER] - [2]
2017-12-08 17:06:10.077 [http-nio-8098-exec-7] TRACE org.hibernate.type.descriptor.sql.BasicBinder - binding parameter [1] as [VARCHAR] - [fc7b0d67-30b3-43cb-9413-88d4c9ba69ab]
2017-12-08 17:06:10.080 [http-nio-8098-exec-7] TRACE org.hibernate.type.descriptor.sql.BasicBinder - binding parameter [1] as [TIMESTAMP] - [Fri Dec 08 17:06:10 GMT+08:00 2017]
2017-12-08 17:06:10.081 [http-nio-8098-exec-7] TRACE org.hibernate.type.descriptor.sql.BasicBinder - binding parameter [2] as [VARCHAR] - [null]
2017-12-08 17:06:10.083 [http-nio-8098-exec-7] TRACE org.hibernate.type.descriptor.sql.BasicBinder - binding parameter [3] as [VARCHAR] - [null]
2017-12-08 17:06:10.084 [http-nio-8098-exec-7] TRACE org.hibernate.type.descriptor.sql.BasicBinder - binding parameter [4] as [VARCHAR] - [海淀公司]
2017-12-08 17:06:10.104 [http-nio-8098-exec-7] TRACE org.hibernate.type.descriptor.sql.BasicBinder - binding parameter [5] as [VARCHAR] - [402896b0603559fd0160355b204c0001]
2017-12-08 17:06:10.105 [http-nio-8098-exec-7] TRACE org.hibernate.type.descriptor.sql.BasicBinder - binding parameter [6] as [INTEGER] - [3]
2017-12-08 17:06:10.105 [http-nio-8098-exec-7] TRACE org.hibernate.type.descriptor.sql.BasicBinder - binding parameter [7] as [INTEGER] - [4]
2017-12-08 17:06:10.105 [http-nio-8098-exec-7] TRACE org.hibernate.type.descriptor.sql.BasicBinder - binding parameter [8] as [VARCHAR] - [402896b0603559fd0160355ff81f0009]
2017-12-08 17:06:19.202 [http-nio-8098-exec-9] TRACE org.hibernate.type.descriptor.sql.BasicBinder - binding parameter [1] as [VARCHAR] - [402896b0603559fd0160355b204c0001]
2017-12-08 17:06:19.205 [http-nio-8098-exec-9] TRACE org.hibernate.type.descriptor.sql.BasicBinder - binding parameter [1] as [INTEGER] - [2]
2017-12-08 17:06:19.216 [http-nio-8098-exec-9] TRACE org.hibernate.type.descriptor.sql.BasicBinder - binding parameter [1] as [INTEGER] - [2]
2017-12-08 17:06:19.218 [http-nio-8098-exec-9] TRACE org.hibernate.type.descriptor.sql.BasicBinder - binding parameter [1] as [VARCHAR] - [c900a8a7-e985-453e-99e1-ba1ee4153923]
2017-12-08 17:06:19.220 [http-nio-8098-exec-9] TRACE org.hibernate.type.descriptor.sql.BasicBinder - binding parameter [1] as [TIMESTAMP] - [Fri Dec 08 17:06:19 GMT+08:00 2017]
2017-12-08 17:06:19.221 [http-nio-8098-exec-9] TRACE org.hibernate.type.descriptor.sql.BasicBinder - binding parameter [2] as [VARCHAR] - [null]
2017-12-08 17:06:19.221 [http-nio-8098-exec-9] TRACE org.hibernate.type.descriptor.sql.BasicBinder - binding parameter [3] as [VARCHAR] - [null]
2017-12-08 17:06:19.221 [http-nio-8098-exec-9] TRACE org.hibernate.type.descriptor.sql.BasicBinder - binding parameter [4] as [VARCHAR] - [丰台公司]
2017-12-08 17:06:19.221 [http-nio-8098-exec-9] TRACE org.hibernate.type.descriptor.sql.BasicBinder - binding parameter [5] as [VARCHAR] - [402896b0603559fd0160355b204c0001]
2017-12-08 17:06:19.221 [http-nio-8098-exec-9] TRACE org.hibernate.type.descriptor.sql.BasicBinder - binding parameter [6] as [INTEGER] - [3]
2017-12-08 17:06:19.221 [http-nio-8098-exec-9] TRACE org.hibernate.type.descriptor.sql.BasicBinder - binding parameter [7] as [INTEGER] - [4]
2017-12-08 17:06:19.222 [http-nio-8098-exec-9] TRACE org.hibernate.type.descriptor.sql.BasicBinder - binding parameter [8] as [VARCHAR] - [402896b0603559fd016035601bd4000a]
2017-12-08 17:06:24.316 [http-nio-8098-exec-4] TRACE org.hibernate.type.descriptor.sql.BasicBinder - binding parameter [1] as [VARCHAR] - [402896b0603559fd0160355b204c0001]
2017-12-08 17:06:24.318 [http-nio-8098-exec-4] TRACE org.hibernate.type.descriptor.sql.BasicBinder - binding parameter [1] as [INTEGER] - [2]
2017-12-08 17:06:24.333 [http-nio-8098-exec-4] TRACE org.hibernate.type.descriptor.sql.BasicBinder - binding parameter [1] as [INTEGER] - [2]
2017-12-08 17:06:24.334 [http-nio-8098-exec-4] TRACE org.hibernate.type.descriptor.sql.BasicBinder - binding parameter [1] as [VARCHAR] - [a9d487b3-79a8-4d28-b5cd-8d1e96eb16e9]
2017-12-08 17:06:24.337 [http-nio-8098-exec-4] TRACE org.hibernate.type.descriptor.sql.BasicBinder - binding parameter [1] as [TIMESTAMP] - [Fri Dec 08 17:06:24 GMT+08:00 2017]
2017-12-08 17:06:24.337 [http-nio-8098-exec-4] TRACE org.hibernate.type.descriptor.sql.BasicBinder - binding parameter [2] as [VARCHAR] - [null]
2017-12-08 17:06:24.337 [http-nio-8098-exec-4] TRACE org.hibernate.type.descriptor.sql.BasicBinder - binding parameter [3] as [VARCHAR] - [null]
2017-12-08 17:06:24.337 [http-nio-8098-exec-4] TRACE org.hibernate.type.descriptor.sql.BasicBinder - binding parameter [4] as [VARCHAR] - [大兴公司]
2017-12-08 17:06:24.338 [http-nio-8098-exec-4] TRACE org.hibernate.type.descriptor.sql.BasicBinder - binding parameter [5] as [VARCHAR] - [402896b0603559fd0160355b204c0001]
2017-12-08 17:06:24.338 [http-nio-8098-exec-4] TRACE org.hibernate.type.descriptor.sql.BasicBinder - binding parameter [6] as [INTEGER] - [3]
2017-12-08 17:06:24.339 [http-nio-8098-exec-4] TRACE org.hibernate.type.descriptor.sql.BasicBinder - binding parameter [7] as [INTEGER] - [4]
2017-12-08 17:06:24.339 [http-nio-8098-exec-4] TRACE org.hibernate.type.descriptor.sql.BasicBinder - binding parameter [8] as [VARCHAR] - [402896b0603559fd016035602fd0000b]
2017-12-08 17:06:37.567 [http-nio-8098-exec-8] TRACE org.hibernate.type.descriptor.sql.BasicBinder - binding parameter [1] as [VARCHAR] - [402896b0603559fd0160355b204c0001]
2017-12-08 17:06:37.570 [http-nio-8098-exec-8] TRACE org.hibernate.type.descriptor.sql.BasicBinder - binding parameter [1] as [INTEGER] - [2]
2017-12-08 17:06:37.582 [http-nio-8098-exec-8] TRACE org.hibernate.type.descriptor.sql.BasicBinder - binding parameter [1] as [INTEGER] - [2]
2017-12-08 17:06:37.584 [http-nio-8098-exec-8] TRACE org.hibernate.type.descriptor.sql.BasicBinder - binding parameter [1] as [VARCHAR] - [7836dedb-1db3-4276-88cd-8519c1e739cc]
2017-12-08 17:06:37.586 [http-nio-8098-exec-8] TRACE org.hibernate.type.descriptor.sql.BasicBinder - binding parameter [1] as [TIMESTAMP] - [Fri Dec 08 17:06:37 GMT+08:00 2017]
2017-12-08 17:06:37.587 [http-nio-8098-exec-8] TRACE org.hibernate.type.descriptor.sql.BasicBinder - binding parameter [2] as [VARCHAR] - [null]
2017-12-08 17:06:37.587 [http-nio-8098-exec-8] TRACE org.hibernate.type.descriptor.sql.BasicBinder - binding parameter [3] as [VARCHAR] - [null]
2017-12-08 17:06:37.587 [http-nio-8098-exec-8] TRACE org.hibernate.type.descriptor.sql.BasicBinder - binding parameter [4] as [VARCHAR] - [房山公司]
2017-12-08 17:06:37.588 [http-nio-8098-exec-8] TRACE org.hibernate.type.descriptor.sql.BasicBinder - binding parameter [5] as [VARCHAR] - [402896b0603559fd0160355b204c0001]
2017-12-08 17:06:37.588 [http-nio-8098-exec-8] TRACE org.hibernate.type.descriptor.sql.BasicBinder - binding parameter [6] as [INTEGER] - [3]
2017-12-08 17:06:37.588 [http-nio-8098-exec-8] TRACE org.hibernate.type.descriptor.sql.BasicBinder - binding parameter [7] as [INTEGER] - [4]
2017-12-08 17:06:37.588 [http-nio-8098-exec-8] TRACE org.hibernate.type.descriptor.sql.BasicBinder - binding parameter [8] as [VARCHAR] - [402896b0603559fd016035606392000c]
2017-12-08 17:06:42.886 [http-nio-8098-exec-10] TRACE org.hibernate.type.descriptor.sql.BasicBinder - binding parameter [1] as [VARCHAR] - [402896b0603559fd0160355b204c0001]
2017-12-08 17:06:42.894 [http-nio-8098-exec-10] TRACE org.hibernate.type.descriptor.sql.BasicBinder - binding parameter [1] as [INTEGER] - [2]
2017-12-08 17:06:42.908 [http-nio-8098-exec-10] TRACE org.hibernate.type.descriptor.sql.BasicBinder - binding parameter [1] as [INTEGER] - [2]
2017-12-08 17:06:42.910 [http-nio-8098-exec-10] TRACE org.hibernate.type.descriptor.sql.BasicBinder - binding parameter [1] as [VARCHAR] - [2d1238e0-43a5-4078-8d5e-661db3f647ed]
2017-12-08 17:06:42.912 [http-nio-8098-exec-10] TRACE org.hibernate.type.descriptor.sql.BasicBinder - binding parameter [1] as [TIMESTAMP] - [Fri Dec 08 17:06:42 GMT+08:00 2017]
2017-12-08 17:06:42.912 [http-nio-8098-exec-10] TRACE org.hibernate.type.descriptor.sql.BasicBinder - binding parameter [2] as [VARCHAR] - [null]
2017-12-08 17:06:42.913 [http-nio-8098-exec-10] TRACE org.hibernate.type.descriptor.sql.BasicBinder - binding parameter [3] as [VARCHAR] - [null]
2017-12-08 17:06:42.913 [http-nio-8098-exec-10] TRACE org.hibernate.type.descriptor.sql.BasicBinder - binding parameter [4] as [VARCHAR] - [石景山公司]
2017-12-08 17:06:42.913 [http-nio-8098-exec-10] TRACE org.hibernate.type.descriptor.sql.BasicBinder - binding parameter [5] as [VARCHAR] - [402896b0603559fd0160355b204c0001]
2017-12-08 17:06:42.914 [http-nio-8098-exec-10] TRACE org.hibernate.type.descriptor.sql.BasicBinder - binding parameter [6] as [INTEGER] - [3]
2017-12-08 17:06:42.914 [http-nio-8098-exec-10] TRACE org.hibernate.type.descriptor.sql.BasicBinder - binding parameter [7] as [INTEGER] - [4]
2017-12-08 17:06:42.914 [http-nio-8098-exec-10] TRACE org.hibernate.type.descriptor.sql.BasicBinder - binding parameter [8] as [VARCHAR] - [402896b0603559fd01603560785f000d]
2017-12-08 17:06:47.857 [http-nio-8098-exec-3] TRACE org.hibernate.type.descriptor.sql.BasicBinder - binding parameter [1] as [VARCHAR] - [402896b0603559fd0160355b204c0001]
2017-12-08 17:06:47.860 [http-nio-8098-exec-3] TRACE org.hibernate.type.descriptor.sql.BasicBinder - binding parameter [1] as [INTEGER] - [2]
2017-12-08 17:06:47.861 [http-nio-8098-exec-3] TRACE org.hibernate.type.descriptor.sql.BasicBinder - binding parameter [1] as [INTEGER] - [2]
2017-12-08 17:06:47.863 [http-nio-8098-exec-3] TRACE org.hibernate.type.descriptor.sql.BasicBinder - binding parameter [1] as [VARCHAR] - [002cc32d-bc73-4e5c-a0a5-f01edfa129f4]
2017-12-08 17:06:47.866 [http-nio-8098-exec-3] TRACE org.hibernate.type.descriptor.sql.BasicBinder - binding parameter [1] as [TIMESTAMP] - [Fri Dec 08 17:06:47 GMT+08:00 2017]
2017-12-08 17:06:47.867 [http-nio-8098-exec-3] TRACE org.hibernate.type.descriptor.sql.BasicBinder - binding parameter [2] as [VARCHAR] - [null]
2017-12-08 17:06:47.867 [http-nio-8098-exec-3] TRACE org.hibernate.type.descriptor.sql.BasicBinder - binding parameter [3] as [VARCHAR] - [null]
2017-12-08 17:06:47.867 [http-nio-8098-exec-3] TRACE org.hibernate.type.descriptor.sql.BasicBinder - binding parameter [4] as [VARCHAR] - [怀柔公司]
2017-12-08 17:06:47.867 [http-nio-8098-exec-3] TRACE org.hibernate.type.descriptor.sql.BasicBinder - binding parameter [5] as [VARCHAR] - [402896b0603559fd0160355b204c0001]
2017-12-08 17:06:47.868 [http-nio-8098-exec-3] TRACE org.hibernate.type.descriptor.sql.BasicBinder - binding parameter [6] as [INTEGER] - [3]
2017-12-08 17:06:47.868 [http-nio-8098-exec-3] TRACE org.hibernate.type.descriptor.sql.BasicBinder - binding parameter [7] as [INTEGER] - [4]
2017-12-08 17:06:47.868 [http-nio-8098-exec-3] TRACE org.hibernate.type.descriptor.sql.BasicBinder - binding parameter [8] as [VARCHAR] - [402896b0603559fd016035608bb9000e]
2017-12-08 17:06:57.144 [http-nio-8098-exec-5] TRACE org.hibernate.type.descriptor.sql.BasicBinder - binding parameter [1] as [VARCHAR] - [402896b0603559fd0160355b204c0001]
2017-12-08 17:06:57.147 [http-nio-8098-exec-5] TRACE org.hibernate.type.descriptor.sql.BasicBinder - binding parameter [1] as [INTEGER] - [2]
2017-12-08 17:06:57.157 [http-nio-8098-exec-5] TRACE org.hibernate.type.descriptor.sql.BasicBinder - binding parameter [1] as [INTEGER] - [2]
2017-12-08 17:06:57.159 [http-nio-8098-exec-5] TRACE org.hibernate.type.descriptor.sql.BasicBinder - binding parameter [1] as [VARCHAR] - [86c0a96b-b067-4d63-af81-16547c95e7c8]
2017-12-08 17:06:57.162 [http-nio-8098-exec-5] TRACE org.hibernate.type.descriptor.sql.BasicBinder - binding parameter [1] as [TIMESTAMP] - [Fri Dec 08 17:06:57 GMT+08:00 2017]
2017-12-08 17:06:57.162 [http-nio-8098-exec-5] TRACE org.hibernate.type.descriptor.sql.BasicBinder - binding parameter [2] as [VARCHAR] - [null]
2017-12-08 17:06:57.163 [http-nio-8098-exec-5] TRACE org.hibernate.type.descriptor.sql.BasicBinder - binding parameter [3] as [VARCHAR] - [null]
2017-12-08 17:06:57.163 [http-nio-8098-exec-5] TRACE org.hibernate.type.descriptor.sql.BasicBinder - binding parameter [4] as [VARCHAR] - [门头沟公司]
2017-12-08 17:06:57.164 [http-nio-8098-exec-5] TRACE org.hibernate.type.descriptor.sql.BasicBinder - binding parameter [5] as [VARCHAR] - [402896b0603559fd0160355b204c0001]
2017-12-08 17:06:57.164 [http-nio-8098-exec-5] TRACE org.hibernate.type.descriptor.sql.BasicBinder - binding parameter [6] as [INTEGER] - [3]
2017-12-08 17:06:57.164 [http-nio-8098-exec-5] TRACE org.hibernate.type.descriptor.sql.BasicBinder - binding parameter [7] as [INTEGER] - [4]
2017-12-08 17:06:57.164 [http-nio-8098-exec-5] TRACE org.hibernate.type.descriptor.sql.BasicBinder - binding parameter [8] as [VARCHAR] - [402896b0603559fd01603560b009000f]
2017-12-08 17:07:02.518 [http-nio-8098-exec-7] TRACE org.hibernate.type.descriptor.sql.BasicBinder - binding parameter [1] as [VARCHAR] - [402896b0603559fd0160355b204c0001]
2017-12-08 17:07:02.522 [http-nio-8098-exec-7] TRACE org.hibernate.type.descriptor.sql.BasicBinder - binding parameter [1] as [INTEGER] - [2]
2017-12-08 17:07:02.524 [http-nio-8098-exec-7] TRACE org.hibernate.type.descriptor.sql.BasicBinder - binding parameter [1] as [INTEGER] - [2]
2017-12-08 17:07:02.526 [http-nio-8098-exec-7] TRACE org.hibernate.type.descriptor.sql.BasicBinder - binding parameter [1] as [VARCHAR] - [e97243a6-7aad-4c7c-8849-0b03e6fb6b83]
2017-12-08 17:07:02.530 [http-nio-8098-exec-7] TRACE org.hibernate.type.descriptor.sql.BasicBinder - binding parameter [1] as [TIMESTAMP] - [Fri Dec 08 17:07:02 GMT+08:00 2017]
2017-12-08 17:07:02.530 [http-nio-8098-exec-7] TRACE org.hibernate.type.descriptor.sql.BasicBinder - binding parameter [2] as [VARCHAR] - [null]
2017-12-08 17:07:02.530 [http-nio-8098-exec-7] TRACE org.hibernate.type.descriptor.sql.BasicBinder - binding parameter [3] as [VARCHAR] - [null]
2017-12-08 17:07:02.531 [http-nio-8098-exec-7] TRACE org.hibernate.type.descriptor.sql.BasicBinder - binding parameter [4] as [VARCHAR] - [平谷公司]
2017-12-08 17:07:02.531 [http-nio-8098-exec-7] TRACE org.hibernate.type.descriptor.sql.BasicBinder - binding parameter [5] as [VARCHAR] - [402896b0603559fd0160355b204c0001]
2017-12-08 17:07:02.531 [http-nio-8098-exec-7] TRACE org.hibernate.type.descriptor.sql.BasicBinder - binding parameter [6] as [INTEGER] - [3]
2017-12-08 17:07:02.531 [http-nio-8098-exec-7] TRACE org.hibernate.type.descriptor.sql.BasicBinder - binding parameter [7] as [INTEGER] - [4]
2017-12-08 17:07:02.532 [http-nio-8098-exec-7] TRACE org.hibernate.type.descriptor.sql.BasicBinder - binding parameter [8] as [VARCHAR] - [402896b0603559fd01603560c5010010]
2017-12-08 17:07:10.505 [http-nio-8098-exec-9] TRACE org.hibernate.type.descriptor.sql.BasicBinder - binding parameter [1] as [VARCHAR] - [402896b0603559fd0160355b204c0001]
2017-12-08 17:07:10.509 [http-nio-8098-exec-9] TRACE org.hibernate.type.descriptor.sql.BasicBinder - binding parameter [1] as [INTEGER] - [2]
2017-12-08 17:07:10.538 [http-nio-8098-exec-9] TRACE org.hibernate.type.descriptor.sql.BasicBinder - binding parameter [1] as [INTEGER] - [2]
2017-12-08 17:07:10.540 [http-nio-8098-exec-9] TRACE org.hibernate.type.descriptor.sql.BasicBinder - binding parameter [1] as [VARCHAR] - [62e763ec-8879-4ec0-8b21-90b79586b874]
2017-12-08 17:07:10.544 [http-nio-8098-exec-9] TRACE org.hibernate.type.descriptor.sql.BasicBinder - binding parameter [1] as [TIMESTAMP] - [Fri Dec 08 17:07:10 GMT+08:00 2017]
2017-12-08 17:07:10.545 [http-nio-8098-exec-9] TRACE org.hibernate.type.descriptor.sql.BasicBinder - binding parameter [2] as [VARCHAR] - [null]
2017-12-08 17:07:10.545 [http-nio-8098-exec-9] TRACE org.hibernate.type.descriptor.sql.BasicBinder - binding parameter [3] as [VARCHAR] - [null]
2017-12-08 17:07:10.545 [http-nio-8098-exec-9] TRACE org.hibernate.type.descriptor.sql.BasicBinder - binding parameter [4] as [VARCHAR] - [延庆公司]
2017-12-08 17:07:10.546 [http-nio-8098-exec-9] TRACE org.hibernate.type.descriptor.sql.BasicBinder - binding parameter [5] as [VARCHAR] - [402896b0603559fd0160355b204c0001]
2017-12-08 17:07:10.546 [http-nio-8098-exec-9] TRACE org.hibernate.type.descriptor.sql.BasicBinder - binding parameter [6] as [INTEGER] - [3]
2017-12-08 17:07:10.546 [http-nio-8098-exec-9] TRACE org.hibernate.type.descriptor.sql.BasicBinder - binding parameter [7] as [INTEGER] - [4]
2017-12-08 17:07:10.547 [http-nio-8098-exec-9] TRACE org.hibernate.type.descriptor.sql.BasicBinder - binding parameter [8] as [VARCHAR] - [402896b0603559fd01603560e44e0011]
2017-12-08 17:47:11.589 [http-nio-8098-exec-1] TRACE org.hibernate.type.descriptor.sql.BasicBinder - binding parameter [1] as [VARCHAR] - [a0b48f11bd5911e79a2668f728344c35]
2017-12-08 17:47:14.427 [http-nio-8098-exec-1] TRACE org.hibernate.type.descriptor.sql.BasicBinder - binding parameter [1] as [INTEGER] - [1]
2017-12-08 17:47:14.429 [http-nio-8098-exec-1] TRACE org.hibernate.type.descriptor.sql.BasicBinder - binding parameter [2] as [INTEGER] - [34]
2017-12-08 17:49:36.752 [http-nio-8098-exec-2] TRACE org.hibernate.type.descriptor.sql.BasicBinder - binding parameter [1] as [VARCHAR] - [a0b48f11bd5911e79a2668f728344c35]
2017-12-08 18:50:30.312 [http-nio-8098-exec-1] TRACE org.hibernate.type.descriptor.sql.BasicBinder - binding parameter [1] as [VARCHAR] - [京安顺保安公司]
2017-12-08 18:50:30.381 [http-nio-8098-exec-1] TRACE org.hibernate.type.descriptor.sql.BasicBinder - binding parameter [2] as [TIMESTAMP] - [Fri Dec 08 18:50:29 GMT+08:00 2017]
2017-12-08 18:50:30.383 [http-nio-8098-exec-1] TRACE org.hibernate.type.descriptor.sql.BasicBinder - binding parameter [3] as [VARCHAR] - [402896b0603559fd0160355fb7500007,402896b0603559fd0160355fd95f0008]
2017-12-08 18:50:30.384 [http-nio-8098-exec-1] TRACE org.hibernate.type.descriptor.sql.BasicBinder - binding parameter [4] as [TIMESTAMP] - [null]
2017-12-08 18:50:30.386 [http-nio-8098-exec-1] TRACE org.hibernate.type.descriptor.sql.BasicBinder - binding parameter [5] as [VARCHAR] - [402881e66035b8ea016035bf7d3e0000]
2017-12-08 19:12:50.989 [http-nio-8098-exec-3] TRACE org.hibernate.type.descriptor.sql.BasicBinder - binding parameter [1] as [VARCHAR] - [京安顺保安公司]
2017-12-08 19:12:50.992 [http-nio-8098-exec-3] TRACE org.hibernate.type.descriptor.sql.BasicBinder - binding parameter [2] as [TIMESTAMP] - [Fri Dec 08 19:12:50 GMT+08:00 2017]
2017-12-08 19:12:50.992 [http-nio-8098-exec-3] TRACE org.hibernate.type.descriptor.sql.BasicBinder - binding parameter [3] as [VARCHAR] - [402896b0603559fd0160355fb7500007,402896b0603559fd0160355fd95f0008]
2017-12-08 19:12:50.993 [http-nio-8098-exec-3] TRACE org.hibernate.type.descriptor.sql.BasicBinder - binding parameter [4] as [TIMESTAMP] - [null]
2017-12-08 19:12:50.995 [http-nio-8098-exec-3] TRACE org.hibernate.type.descriptor.sql.BasicBinder - binding parameter [5] as [VARCHAR] - [402881e66035b8ea016035d3f32c0001]
2017-12-08 19:12:59.259 [http-nio-8098-exec-7] TRACE org.hibernate.type.descriptor.sql.BasicBinder - binding parameter [1] as [VARCHAR] - [京安顺保安公司]
2017-12-08 19:12:59.260 [http-nio-8098-exec-7] TRACE org.hibernate.type.descriptor.sql.BasicBinder - binding parameter [2] as [TIMESTAMP] - [Fri Dec 08 19:12:59 GMT+08:00 2017]
2017-12-08 19:12:59.260 [http-nio-8098-exec-7] TRACE org.hibernate.type.descriptor.sql.BasicBinder - binding parameter [3] as [VARCHAR] - [402896b0603559fd0160355fb7500007,402896b0603559fd0160355fd95f0008]
2017-12-08 19:12:59.261 [http-nio-8098-exec-7] TRACE org.hibernate.type.descriptor.sql.BasicBinder - binding parameter [4] as [TIMESTAMP] - [null]
2017-12-08 19:12:59.261 [http-nio-8098-exec-7] TRACE org.hibernate.type.descriptor.sql.BasicBinder - binding parameter [5] as [VARCHAR] - [402881e66035b8ea016035d4137a0002]
