2017-11-10 10:07:48.782 [http-nio-8096-exec-8] TRACE org.hibernate.type.descriptor.sql.BasicBinder - binding parameter [1] as [INTEGER] - [0]
2017-11-10 10:07:48.844 [http-nio-8096-exec-8] TRACE org.hibernate.type.descriptor.sql.BasicBinder - binding parameter [2] as [VARCHAR] - [hello]
2017-11-10 10:07:48.846 [http-nio-8096-exec-8] TRACE org.hibernate.type.descriptor.sql.BasicBinder - binding parameter [3] as [VARCHAR] - [1234567]
2017-11-10 10:07:49.036 [http-nio-8096-exec-8] TRACE org.hibernate.type.descriptor.sql.BasicBinder - binding parameter [1] as [VARCHAR] - [402881075f6c4d1e015f6c4d7f710000]
2017-11-10 10:07:49.506 [http-nio-8096-exec-8] TRACE org.hibernate.type.descriptor.sql.BasicBinder - binding parameter [1] as [VARCHAR] - [192.168.1.103]
2017-11-10 10:07:49.507 [http-nio-8096-exec-8] TRACE org.hibernate.type.descriptor.sql.BasicBinder - binding parameter [2] as [VARCHAR] - [402881075f6c4d1e015f6c4d7f710000]
2017-11-10 10:07:49.507 [http-nio-8096-exec-8] TRACE org.hibernate.type.descriptor.sql.BasicBinder - binding parameter [3] as [INTEGER] - [0]
2017-11-10 10:13:48.240 [http-nio-8096-exec-6] TRACE org.hibernate.type.descriptor.sql.BasicBinder - binding parameter [1] as [INTEGER] - [0]
2017-11-10 10:13:48.245 [http-nio-8096-exec-6] TRACE org.hibernate.type.descriptor.sql.BasicBinder - binding parameter [2] as [VARCHAR] - [hello]
2017-11-10 10:13:48.245 [http-nio-8096-exec-6] TRACE org.hibernate.type.descriptor.sql.BasicBinder - binding parameter [3] as [VARCHAR] - [1234567]
2017-11-10 10:13:48.249 [http-nio-8096-exec-6] TRACE org.hibernate.type.descriptor.sql.BasicBinder - binding parameter [1] as [VARCHAR] - [402881075f6c4d1e015f6c4d7f710000]
2017-11-10 10:13:48.298 [http-nio-8096-exec-6] TRACE org.hibernate.type.descriptor.sql.BasicBinder - binding parameter [1] as [VARCHAR] - [192.168.1.103]
2017-11-10 10:13:48.298 [http-nio-8096-exec-6] TRACE org.hibernate.type.descriptor.sql.BasicBinder - binding parameter [2] as [VARCHAR] - [402881075f6c4d1e015f6c4d7f710000]
2017-11-10 10:13:48.299 [http-nio-8096-exec-6] TRACE org.hibernate.type.descriptor.sql.BasicBinder - binding parameter [3] as [INTEGER] - [0]
2017-11-10 10:41:07.243 [http-nio-8096-exec-3] TRACE org.hibernate.type.descriptor.sql.BasicBinder - binding parameter [1] as [INTEGER] - [0]
2017-11-10 10:41:07.244 [http-nio-8096-exec-3] TRACE org.hibernate.type.descriptor.sql.BasicBinder - binding parameter [2] as [VARCHAR] - [admin]
2017-11-10 10:41:07.244 [http-nio-8096-exec-3] TRACE org.hibernate.type.descriptor.sql.BasicBinder - binding parameter [3] as [VARCHAR] - [admin]
2017-11-10 10:41:22.641 [http-nio-8096-exec-4] TRACE org.hibernate.type.descriptor.sql.BasicBinder - binding parameter [1] as [INTEGER] - [0]
2017-11-10 10:41:22.642 [http-nio-8096-exec-4] TRACE org.hibernate.type.descriptor.sql.BasicBinder - binding parameter [2] as [VARCHAR] - [hello]
2017-11-10 10:41:22.642 [http-nio-8096-exec-4] TRACE org.hibernate.type.descriptor.sql.BasicBinder - binding parameter [3] as [VARCHAR] - [1234567]
2017-11-10 10:41:22.646 [http-nio-8096-exec-4] TRACE org.hibernate.type.descriptor.sql.BasicBinder - binding parameter [1] as [VARCHAR] - [402881075f6c4d1e015f6c4d7f710000]
2017-11-10 10:41:22.730 [http-nio-8096-exec-4] TRACE org.hibernate.type.descriptor.sql.BasicBinder - binding parameter [1] as [VARCHAR] - [192.168.1.155]
2017-11-10 10:41:22.730 [http-nio-8096-exec-4] TRACE org.hibernate.type.descriptor.sql.BasicBinder - binding parameter [2] as [VARCHAR] - [402881075f6c4d1e015f6c4d7f710000]
2017-11-10 10:41:22.731 [http-nio-8096-exec-4] TRACE org.hibernate.type.descriptor.sql.BasicBinder - binding parameter [3] as [INTEGER] - [0]
2017-11-10 11:21:28.296 [http-nio-8096-exec-9] TRACE org.hibernate.type.descriptor.sql.BasicBinder - binding parameter [1] as [INTEGER] - [0]
2017-11-10 11:21:28.372 [http-nio-8096-exec-9] TRACE org.hibernate.type.descriptor.sql.BasicBinder - binding parameter [2] as [VARCHAR] - [hello]
2017-11-10 11:21:28.374 [http-nio-8096-exec-9] TRACE org.hibernate.type.descriptor.sql.BasicBinder - binding parameter [3] as [VARCHAR] - [1234567]
2017-11-10 11:21:28.463 [http-nio-8096-exec-9] TRACE org.hibernate.type.descriptor.sql.BasicBinder - binding parameter [1] as [VARCHAR] - [402881075f6c4d1e015f6c4d7f710000]
2017-11-10 11:21:28.769 [http-nio-8096-exec-9] TRACE org.hibernate.type.descriptor.sql.BasicBinder - binding parameter [1] as [VARCHAR] - [192.168.1.155]
2017-11-10 11:21:28.769 [http-nio-8096-exec-9] TRACE org.hibernate.type.descriptor.sql.BasicBinder - binding parameter [2] as [VARCHAR] - [402881075f6c4d1e015f6c4d7f710000]
2017-11-10 11:21:28.770 [http-nio-8096-exec-9] TRACE org.hibernate.type.descriptor.sql.BasicBinder - binding parameter [3] as [INTEGER] - [0]
2017-11-10 11:42:53.031 [http-nio-8096-exec-5] TRACE org.hibernate.type.descriptor.sql.BasicBinder - binding parameter [1] as [INTEGER] - [0]
2017-11-10 11:42:53.062 [http-nio-8096-exec-5] TRACE org.hibernate.type.descriptor.sql.BasicBinder - binding parameter [2] as [VARCHAR] - [admin]
2017-11-10 11:42:53.062 [http-nio-8096-exec-5] TRACE org.hibernate.type.descriptor.sql.BasicBinder - binding parameter [3] as [VARCHAR] - [admin]
2017-11-10 11:42:59.830 [http-nio-8096-exec-6] TRACE org.hibernate.type.descriptor.sql.BasicBinder - binding parameter [1] as [INTEGER] - [0]
2017-11-10 11:42:59.831 [http-nio-8096-exec-6] TRACE org.hibernate.type.descriptor.sql.BasicBinder - binding parameter [2] as [VARCHAR] - [admin]
2017-11-10 11:42:59.831 [http-nio-8096-exec-6] TRACE org.hibernate.type.descriptor.sql.BasicBinder - binding parameter [3] as [VARCHAR] - [admin]
2017-11-10 11:43:23.088 [http-nio-8096-exec-8] TRACE org.hibernate.type.descriptor.sql.BasicBinder - binding parameter [1] as [INTEGER] - [0]
2017-11-10 11:43:23.089 [http-nio-8096-exec-8] TRACE org.hibernate.type.descriptor.sql.BasicBinder - binding parameter [2] as [VARCHAR] - [hello]
2017-11-10 11:43:23.090 [http-nio-8096-exec-8] TRACE org.hibernate.type.descriptor.sql.BasicBinder - binding parameter [3] as [VARCHAR] - [1234567]
2017-11-10 11:43:23.094 [http-nio-8096-exec-8] TRACE org.hibernate.type.descriptor.sql.BasicBinder - binding parameter [1] as [VARCHAR] - [402881075f6c4d1e015f6c4d7f710000]
2017-11-10 11:43:23.185 [http-nio-8096-exec-8] TRACE org.hibernate.type.descriptor.sql.BasicBinder - binding parameter [1] as [VARCHAR] - [192.168.1.155]
2017-11-10 11:43:23.186 [http-nio-8096-exec-8] TRACE org.hibernate.type.descriptor.sql.BasicBinder - binding parameter [2] as [VARCHAR] - [402881075f6c4d1e015f6c4d7f710000]
2017-11-10 11:43:23.186 [http-nio-8096-exec-8] TRACE org.hibernate.type.descriptor.sql.BasicBinder - binding parameter [3] as [INTEGER] - [0]
2017-11-10 12:09:03.614 [http-nio-8096-exec-7] TRACE org.hibernate.type.descriptor.sql.BasicBinder - binding parameter [1] as [INTEGER] - [0]
2017-11-10 12:09:03.622 [http-nio-8096-exec-7] TRACE org.hibernate.type.descriptor.sql.BasicBinder - binding parameter [2] as [VARCHAR] - [hello]
2017-11-10 12:09:03.624 [http-nio-8096-exec-7] TRACE org.hibernate.type.descriptor.sql.BasicBinder - binding parameter [3] as [VARCHAR] - [1234567]
2017-11-10 12:09:03.660 [http-nio-8096-exec-7] TRACE org.hibernate.type.descriptor.sql.BasicBinder - binding parameter [1] as [VARCHAR] - [402881075f6c4d1e015f6c4d7f710000]
2017-11-10 12:09:03.879 [http-nio-8096-exec-7] TRACE org.hibernate.type.descriptor.sql.BasicBinder - binding parameter [1] as [VARCHAR] - [192.168.1.155]
2017-11-10 12:09:03.879 [http-nio-8096-exec-7] TRACE org.hibernate.type.descriptor.sql.BasicBinder - binding parameter [2] as [VARCHAR] - [402881075f6c4d1e015f6c4d7f710000]
2017-11-10 12:09:03.880 [http-nio-8096-exec-7] TRACE org.hibernate.type.descriptor.sql.BasicBinder - binding parameter [3] as [INTEGER] - [0]
2017-11-10 14:15:08.559 [http-nio-8096-exec-5] TRACE org.hibernate.type.descriptor.sql.BasicBinder - binding parameter [1] as [INTEGER] - [0]
2017-11-10 14:15:08.593 [http-nio-8096-exec-5] TRACE org.hibernate.type.descriptor.sql.BasicBinder - binding parameter [2] as [VARCHAR] - [hello]
2017-11-10 14:15:08.594 [http-nio-8096-exec-5] TRACE org.hibernate.type.descriptor.sql.BasicBinder - binding parameter [3] as [VARCHAR] - [1234567]
2017-11-10 14:15:08.920 [http-nio-8096-exec-5] TRACE org.hibernate.type.descriptor.sql.BasicBinder - binding parameter [1] as [VARCHAR] - [402881075f6c4d1e015f6c4d7f710000]
2017-11-10 14:15:09.274 [http-nio-8096-exec-5] TRACE org.hibernate.type.descriptor.sql.BasicBinder - binding parameter [1] as [VARCHAR] - [192.168.1.103]
2017-11-10 14:15:09.275 [http-nio-8096-exec-5] TRACE org.hibernate.type.descriptor.sql.BasicBinder - binding parameter [2] as [VARCHAR] - [402881075f6c4d1e015f6c4d7f710000]
2017-11-10 14:15:09.275 [http-nio-8096-exec-5] TRACE org.hibernate.type.descriptor.sql.BasicBinder - binding parameter [3] as [INTEGER] - [0]
2017-11-10 14:15:48.048 [http-nio-8096-exec-9] TRACE org.hibernate.type.descriptor.sql.BasicBinder - binding parameter [1] as [INTEGER] - [0]
2017-11-10 14:15:48.126 [http-nio-8096-exec-9] TRACE org.hibernate.type.descriptor.sql.BasicBinder - binding parameter [2] as [VARCHAR] - [hello]
2017-11-10 14:15:48.127 [http-nio-8096-exec-9] TRACE org.hibernate.type.descriptor.sql.BasicBinder - binding parameter [3] as [VARCHAR] - [123456]
2017-11-10 14:15:58.263 [http-nio-8096-exec-10] TRACE org.hibernate.type.descriptor.sql.BasicBinder - binding parameter [1] as [INTEGER] - [0]
2017-11-10 14:15:58.265 [http-nio-8096-exec-10] TRACE org.hibernate.type.descriptor.sql.BasicBinder - binding parameter [2] as [VARCHAR] - [hello]
2017-11-10 14:15:58.266 [http-nio-8096-exec-10] TRACE org.hibernate.type.descriptor.sql.BasicBinder - binding parameter [3] as [VARCHAR] - [1234567]
2017-11-10 14:15:58.268 [http-nio-8096-exec-10] TRACE org.hibernate.type.descriptor.sql.BasicBinder - binding parameter [1] as [VARCHAR] - [402881075f6c4d1e015f6c4d7f710000]
2017-11-10 14:15:58.350 [http-nio-8096-exec-10] TRACE org.hibernate.type.descriptor.sql.BasicBinder - binding parameter [1] as [VARCHAR] - [192.168.1.103]
2017-11-10 14:15:58.350 [http-nio-8096-exec-10] TRACE org.hibernate.type.descriptor.sql.BasicBinder - binding parameter [2] as [VARCHAR] - [402881075f6c4d1e015f6c4d7f710000]
2017-11-10 14:15:58.350 [http-nio-8096-exec-10] TRACE org.hibernate.type.descriptor.sql.BasicBinder - binding parameter [3] as [INTEGER] - [0]
2017-11-10 14:16:22.502 [http-nio-8096-exec-1] TRACE org.hibernate.type.descriptor.sql.BasicBinder - binding parameter [1] as [INTEGER] - [0]
2017-11-10 14:16:22.503 [http-nio-8096-exec-1] TRACE org.hibernate.type.descriptor.sql.BasicBinder - binding parameter [2] as [VARCHAR] - [hello]
2017-11-10 14:16:22.503 [http-nio-8096-exec-1] TRACE org.hibernate.type.descriptor.sql.BasicBinder - binding parameter [3] as [VARCHAR] - [1234567]
2017-11-10 14:16:22.506 [http-nio-8096-exec-1] TRACE org.hibernate.type.descriptor.sql.BasicBinder - binding parameter [1] as [VARCHAR] - [402881075f6c4d1e015f6c4d7f710000]
2017-11-10 14:16:22.576 [http-nio-8096-exec-1] TRACE org.hibernate.type.descriptor.sql.BasicBinder - binding parameter [1] as [VARCHAR] - [192.168.1.103]
2017-11-10 14:16:22.576 [http-nio-8096-exec-1] TRACE org.hibernate.type.descriptor.sql.BasicBinder - binding parameter [2] as [VARCHAR] - [402881075f6c4d1e015f6c4d7f710000]
2017-11-10 14:16:22.577 [http-nio-8096-exec-1] TRACE org.hibernate.type.descriptor.sql.BasicBinder - binding parameter [3] as [INTEGER] - [0]
2017-11-10 14:19:08.760 [http-nio-8096-exec-5] TRACE org.hibernate.type.descriptor.sql.BasicBinder - binding parameter [1] as [INTEGER] - [0]
2017-11-10 14:19:08.760 [http-nio-8096-exec-5] TRACE org.hibernate.type.descriptor.sql.BasicBinder - binding parameter [2] as [VARCHAR] - [hello]
2017-11-10 14:19:08.761 [http-nio-8096-exec-5] TRACE org.hibernate.type.descriptor.sql.BasicBinder - binding parameter [3] as [VARCHAR] - [1234567]
2017-11-10 14:19:08.763 [http-nio-8096-exec-5] TRACE org.hibernate.type.descriptor.sql.BasicBinder - binding parameter [1] as [VARCHAR] - [402881075f6c4d1e015f6c4d7f710000]
2017-11-10 14:19:08.873 [http-nio-8096-exec-5] TRACE org.hibernate.type.descriptor.sql.BasicBinder - binding parameter [1] as [VARCHAR] - [192.168.1.103]
2017-11-10 14:19:08.873 [http-nio-8096-exec-5] TRACE org.hibernate.type.descriptor.sql.BasicBinder - binding parameter [2] as [VARCHAR] - [402881075f6c4d1e015f6c4d7f710000]
2017-11-10 14:19:08.873 [http-nio-8096-exec-5] TRACE org.hibernate.type.descriptor.sql.BasicBinder - binding parameter [3] as [INTEGER] - [0]
2017-11-10 14:21:18.196 [http-nio-8096-exec-7] TRACE org.hibernate.type.descriptor.sql.BasicBinder - binding parameter [1] as [INTEGER] - [0]
2017-11-10 14:21:18.196 [http-nio-8096-exec-7] TRACE org.hibernate.type.descriptor.sql.BasicBinder - binding parameter [2] as [VARCHAR] - [hello]
2017-11-10 14:21:18.197 [http-nio-8096-exec-7] TRACE org.hibernate.type.descriptor.sql.BasicBinder - binding parameter [3] as [VARCHAR] - [1234567]
2017-11-10 14:21:18.200 [http-nio-8096-exec-7] TRACE org.hibernate.type.descriptor.sql.BasicBinder - binding parameter [1] as [VARCHAR] - [402881075f6c4d1e015f6c4d7f710000]
2017-11-10 14:21:18.284 [http-nio-8096-exec-7] TRACE org.hibernate.type.descriptor.sql.BasicBinder - binding parameter [1] as [VARCHAR] - [192.168.1.103]
2017-11-10 14:21:18.285 [http-nio-8096-exec-7] TRACE org.hibernate.type.descriptor.sql.BasicBinder - binding parameter [2] as [VARCHAR] - [402881075f6c4d1e015f6c4d7f710000]
2017-11-10 14:21:18.285 [http-nio-8096-exec-7] TRACE org.hibernate.type.descriptor.sql.BasicBinder - binding parameter [3] as [INTEGER] - [0]
2017-11-10 14:21:32.806 [http-nio-8096-exec-9] TRACE org.hibernate.type.descriptor.sql.BasicBinder - binding parameter [1] as [INTEGER] - [0]
2017-11-10 14:21:32.807 [http-nio-8096-exec-9] TRACE org.hibernate.type.descriptor.sql.BasicBinder - binding parameter [2] as [VARCHAR] - [hello]
2017-11-10 14:21:32.807 [http-nio-8096-exec-9] TRACE org.hibernate.type.descriptor.sql.BasicBinder - binding parameter [3] as [VARCHAR] - [1234567]
2017-11-10 14:21:32.809 [http-nio-8096-exec-9] TRACE org.hibernate.type.descriptor.sql.BasicBinder - binding parameter [1] as [VARCHAR] - [402881075f6c4d1e015f6c4d7f710000]
2017-11-10 14:21:32.884 [http-nio-8096-exec-9] TRACE org.hibernate.type.descriptor.sql.BasicBinder - binding parameter [1] as [VARCHAR] - [192.168.1.103]
2017-11-10 14:21:32.885 [http-nio-8096-exec-9] TRACE org.hibernate.type.descriptor.sql.BasicBinder - binding parameter [2] as [VARCHAR] - [402881075f6c4d1e015f6c4d7f710000]
2017-11-10 14:21:32.885 [http-nio-8096-exec-9] TRACE org.hibernate.type.descriptor.sql.BasicBinder - binding parameter [3] as [INTEGER] - [0]
2017-11-10 14:22:05.951 [http-nio-8096-exec-10] TRACE org.hibernate.type.descriptor.sql.BasicBinder - binding parameter [1] as [INTEGER] - [0]
2017-11-10 14:22:05.952 [http-nio-8096-exec-10] TRACE org.hibernate.type.descriptor.sql.BasicBinder - binding parameter [2] as [VARCHAR] - [hello]
2017-11-10 14:22:05.952 [http-nio-8096-exec-10] TRACE org.hibernate.type.descriptor.sql.BasicBinder - binding parameter [3] as [VARCHAR] - [1234567]
2017-11-10 14:22:05.999 [http-nio-8096-exec-10] TRACE org.hibernate.type.descriptor.sql.BasicBinder - binding parameter [1] as [VARCHAR] - [402881075f6c4d1e015f6c4d7f710000]
2017-11-10 14:22:06.154 [http-nio-8096-exec-10] TRACE org.hibernate.type.descriptor.sql.BasicBinder - binding parameter [1] as [VARCHAR] - [192.168.1.103]
2017-11-10 14:22:06.155 [http-nio-8096-exec-10] TRACE org.hibernate.type.descriptor.sql.BasicBinder - binding parameter [2] as [VARCHAR] - [402881075f6c4d1e015f6c4d7f710000]
2017-11-10 14:22:06.155 [http-nio-8096-exec-10] TRACE org.hibernate.type.descriptor.sql.BasicBinder - binding parameter [3] as [INTEGER] - [0]
2017-11-10 14:26:52.895 [http-nio-8096-exec-1] TRACE org.hibernate.type.descriptor.sql.BasicBinder - binding parameter [1] as [INTEGER] - [0]
2017-11-10 14:26:52.944 [http-nio-8096-exec-1] TRACE org.hibernate.type.descriptor.sql.BasicBinder - binding parameter [2] as [VARCHAR] - [hello]
2017-11-10 14:26:52.946 [http-nio-8096-exec-1] TRACE org.hibernate.type.descriptor.sql.BasicBinder - binding parameter [3] as [VARCHAR] - [1234567]
2017-11-10 14:26:53.077 [http-nio-8096-exec-1] TRACE org.hibernate.type.descriptor.sql.BasicBinder - binding parameter [1] as [VARCHAR] - [402881075f6c4d1e015f6c4d7f710000]
2017-11-10 14:26:53.286 [http-nio-8096-exec-1] TRACE org.hibernate.type.descriptor.sql.BasicBinder - binding parameter [1] as [VARCHAR] - [192.168.1.135]
2017-11-10 14:26:53.286 [http-nio-8096-exec-1] TRACE org.hibernate.type.descriptor.sql.BasicBinder - binding parameter [2] as [VARCHAR] - [402881075f6c4d1e015f6c4d7f710000]
2017-11-10 14:26:53.287 [http-nio-8096-exec-1] TRACE org.hibernate.type.descriptor.sql.BasicBinder - binding parameter [3] as [INTEGER] - [0]
2017-11-10 14:27:03.204 [http-nio-8096-exec-3] TRACE org.hibernate.type.descriptor.sql.BasicBinder - binding parameter [1] as [INTEGER] - [0]
2017-11-10 14:27:03.205 [http-nio-8096-exec-3] TRACE org.hibernate.type.descriptor.sql.BasicBinder - binding parameter [2] as [VARCHAR] - [hello]
2017-11-10 14:27:03.206 [http-nio-8096-exec-3] TRACE org.hibernate.type.descriptor.sql.BasicBinder - binding parameter [3] as [VARCHAR] - [1234567]
2017-11-10 14:27:03.211 [http-nio-8096-exec-3] TRACE org.hibernate.type.descriptor.sql.BasicBinder - binding parameter [1] as [VARCHAR] - [402881075f6c4d1e015f6c4d7f710000]
2017-11-10 14:27:03.286 [http-nio-8096-exec-3] TRACE org.hibernate.type.descriptor.sql.BasicBinder - binding parameter [1] as [VARCHAR] - [192.168.1.103]
2017-11-10 14:27:03.286 [http-nio-8096-exec-3] TRACE org.hibernate.type.descriptor.sql.BasicBinder - binding parameter [2] as [VARCHAR] - [402881075f6c4d1e015f6c4d7f710000]
2017-11-10 14:27:03.286 [http-nio-8096-exec-3] TRACE org.hibernate.type.descriptor.sql.BasicBinder - binding parameter [3] as [INTEGER] - [0]
2017-11-10 14:27:22.323 [http-nio-8096-exec-4] TRACE org.hibernate.type.descriptor.sql.BasicBinder - binding parameter [1] as [INTEGER] - [0]
2017-11-10 14:27:22.324 [http-nio-8096-exec-4] TRACE org.hibernate.type.descriptor.sql.BasicBinder - binding parameter [2] as [VARCHAR] - [hello]
2017-11-10 14:27:22.325 [http-nio-8096-exec-4] TRACE org.hibernate.type.descriptor.sql.BasicBinder - binding parameter [3] as [VARCHAR] - [1234567]
2017-11-10 14:27:22.342 [http-nio-8096-exec-4] TRACE org.hibernate.type.descriptor.sql.BasicBinder - binding parameter [1] as [VARCHAR] - [402881075f6c4d1e015f6c4d7f710000]
2017-11-10 14:27:22.411 [http-nio-8096-exec-4] TRACE org.hibernate.type.descriptor.sql.BasicBinder - binding parameter [1] as [VARCHAR] - [192.168.1.135]
2017-11-10 14:27:22.411 [http-nio-8096-exec-4] TRACE org.hibernate.type.descriptor.sql.BasicBinder - binding parameter [2] as [VARCHAR] - [402881075f6c4d1e015f6c4d7f710000]
2017-11-10 14:27:22.411 [http-nio-8096-exec-4] TRACE org.hibernate.type.descriptor.sql.BasicBinder - binding parameter [3] as [INTEGER] - [0]
2017-11-10 14:28:54.595 [http-nio-8096-exec-1] TRACE org.hibernate.type.descriptor.sql.BasicBinder - binding parameter [1] as [VARCHAR] - [hello]
2017-11-10 14:28:54.608 [http-nio-8096-exec-1] TRACE org.hibernate.type.descriptor.sql.BasicBinder - binding parameter [2] as [VARCHAR] - [a0b48f11bd5911e79a2668f728344c35]
2017-11-10 14:29:22.805 [http-nio-8096-exec-3] TRACE org.hibernate.type.descriptor.sql.BasicBinder - binding parameter [1] as [VARCHAR] - [hello]
2017-11-10 14:29:22.807 [http-nio-8096-exec-3] TRACE org.hibernate.type.descriptor.sql.BasicBinder - binding parameter [2] as [VARCHAR] - [a0b48f11bd5911e79a2668f728344c35]
2017-11-10 14:31:13.952 [http-nio-8096-exec-1] TRACE org.hibernate.type.descriptor.sql.BasicBinder - binding parameter [1] as [VARCHAR] - [hello]
2017-11-10 14:31:13.955 [http-nio-8096-exec-1] TRACE org.hibernate.type.descriptor.sql.BasicBinder - binding parameter [2] as [VARCHAR] - [a0b48f11bd5911e79a2668f728344c35]
2017-11-10 14:32:28.769 [http-nio-8096-exec-4] TRACE org.hibernate.type.descriptor.sql.BasicBinder - binding parameter [1] as [VARCHAR] - [hello]
2017-11-10 14:32:28.774 [http-nio-8096-exec-4] TRACE org.hibernate.type.descriptor.sql.BasicBinder - binding parameter [2] as [VARCHAR] - [a0b48f11bd5911e79a2668f728344c35]
2017-11-10 14:32:38.502 [http-nio-8096-exec-5] TRACE org.hibernate.type.descriptor.sql.BasicBinder - binding parameter [1] as [VARCHAR] - [hello]
2017-11-10 14:32:38.503 [http-nio-8096-exec-5] TRACE org.hibernate.type.descriptor.sql.BasicBinder - binding parameter [2] as [VARCHAR] - [a0b48f11bd5911e79a2668f728344c35]
2017-11-10 14:33:00.715 [http-nio-8096-exec-7] TRACE org.hibernate.type.descriptor.sql.BasicBinder - binding parameter [1] as [VARCHAR] - [hello]
2017-11-10 14:33:00.716 [http-nio-8096-exec-7] TRACE org.hibernate.type.descriptor.sql.BasicBinder - binding parameter [2] as [VARCHAR] - [402881075f9f7839015f9f834fbd0008]
2017-11-10 14:33:00.732 [http-nio-8096-exec-7] TRACE org.hibernate.type.descriptor.sql.BasicBinder - binding parameter [1] as [INTEGER] - [0]
2017-11-10 14:33:00.734 [http-nio-8096-exec-7] TRACE org.hibernate.type.descriptor.sql.BasicBinder - binding parameter [2] as [VARCHAR] - [hello]
2017-11-10 14:33:00.734 [http-nio-8096-exec-7] TRACE org.hibernate.type.descriptor.sql.BasicBinder - binding parameter [3] as [VARCHAR] - [1234567]
2017-11-10 14:34:01.242 [http-nio-8096-exec-9] TRACE org.hibernate.type.descriptor.sql.BasicBinder - binding parameter [1] as [VARCHAR] - [hello]
2017-11-10 14:34:01.243 [http-nio-8096-exec-9] TRACE org.hibernate.type.descriptor.sql.BasicBinder - binding parameter [2] as [VARCHAR] - [402881075f9f7839015f9f7ce7c20000]
2017-11-10 14:34:39.467 [http-nio-8096-exec-1] TRACE org.hibernate.type.descriptor.sql.BasicBinder - binding parameter [1] as [VARCHAR] - [hello]
2017-11-10 14:34:39.467 [http-nio-8096-exec-1] TRACE org.hibernate.type.descriptor.sql.BasicBinder - binding parameter [2] as [VARCHAR] - [402881075f9f7839015f9f834fbd0008]
2017-11-10 14:34:39.472 [http-nio-8096-exec-1] TRACE org.hibernate.type.descriptor.sql.BasicBinder - binding parameter [1] as [INTEGER] - [0]
2017-11-10 14:34:39.472 [http-nio-8096-exec-1] TRACE org.hibernate.type.descriptor.sql.BasicBinder - binding parameter [2] as [VARCHAR] - [hello]
2017-11-10 14:34:39.473 [http-nio-8096-exec-1] TRACE org.hibernate.type.descriptor.sql.BasicBinder - binding parameter [3] as [VARCHAR] - [1234567]
2017-11-10 14:59:52.655 [http-nio-8096-exec-10] TRACE org.hibernate.type.descriptor.sql.BasicBinder - binding parameter [1] as [VARCHAR] - [admin]
2017-11-10 14:59:52.656 [http-nio-8096-exec-10] TRACE org.hibernate.type.descriptor.sql.BasicBinder - binding parameter [2] as [VARCHAR] - [402881075f9f7839015f9f7ce7c20000]
2017-11-10 15:00:28.838 [http-nio-8096-exec-3] TRACE org.hibernate.type.descriptor.sql.BasicBinder - binding parameter [1] as [VARCHAR] - [hello]
2017-11-10 15:00:28.838 [http-nio-8096-exec-3] TRACE org.hibernate.type.descriptor.sql.BasicBinder - binding parameter [2] as [VARCHAR] - [402881075f9f7839015f9f834fbd0008]
2017-11-10 15:00:28.844 [http-nio-8096-exec-3] TRACE org.hibernate.type.descriptor.sql.BasicBinder - binding parameter [1] as [INTEGER] - [0]
2017-11-10 15:00:28.846 [http-nio-8096-exec-3] TRACE org.hibernate.type.descriptor.sql.BasicBinder - binding parameter [2] as [VARCHAR] - [hello]
2017-11-10 15:00:28.847 [http-nio-8096-exec-3] TRACE org.hibernate.type.descriptor.sql.BasicBinder - binding parameter [3] as [VARCHAR] - [1234567]
